2017-10-09 21:51:10.695  INFO 24361 --- [main] com.spring.web.ch6.Ch623Application      : Starting Ch623Application on wangweideMacBook-Pro.local with PID 24361 (/Users/wangwei/Documents/gitRepositiry/myFirstSpringBoot/firstSpringBoot/WebRoot/WEB-INF/classes started by wangwei in /Users/wangwei/Documents/gitRepositiry)
2017-10-09 21:51:10.747  INFO 24361 --- [main] ationConfigEmbeddedWebApplicationContext : Refreshing org.springframework.boot.context.embedded.AnnotationConfigEmbeddedWebApplicationContext@5bb21b69: startup date [Mon Oct 09 21:51:10 CST 2017]; root of context hierarchy
2017-10-09 21:51:11.659  INFO 24361 --- [main] o.s.b.f.s.DefaultListableBeanFactory     : Overriding bean definition for bean 'beanNameViewResolver' with a different definition: replacing [Root bean: class [null]; scope=; abstract=false; lazyInit=false; autowireMode=3; dependencyCheck=0; autowireCandidate=true; primary=false; factoryBeanName=org.springframework.boot.autoconfigure.web.ErrorMvcAutoConfiguration$WhitelabelErrorViewConfiguration; factoryMethodName=beanNameViewResolver; initMethodName=null; destroyMethodName=(inferred); defined in class path resource [org/springframework/boot/autoconfigure/web/ErrorMvcAutoConfiguration$WhitelabelErrorViewConfiguration.class]] with [Root bean: class [null]; scope=; abstract=false; lazyInit=false; autowireMode=3; dependencyCheck=0; autowireCandidate=true; primary=false; factoryBeanName=org.springframework.boot.autoconfigure.web.WebMvcAutoConfiguration$WebMvcAutoConfigurationAdapter; factoryMethodName=beanNameViewResolver; initMethodName=null; destroyMethodName=(inferred); defined in class path resource [org/springframework/boot/autoconfigure/web/WebMvcAutoConfiguration$WebMvcAutoConfigurationAdapter.class]]
2017-10-09 21:51:12.526  INFO 24361 --- [main] s.b.c.e.t.TomcatEmbeddedServletContainer : Tomcat initialized with port(s): 8888 (http)
2017-10-09 21:51:12.864  INFO 24361 --- [main] o.apache.catalina.core.StandardService   : Starting service Tomcat
2017-10-09 21:51:12.866  INFO 24361 --- [main] org.apache.catalina.core.StandardEngine  : Starting Servlet Engine: Apache Tomcat/8.0.23
2017-10-09 21:51:12.931  INFO 24361 --- [localhost-startStop-1] o.a.c.c.C.[.[localhost].[/helloboot]     : Initializing Spring embedded WebApplicationContext
2017-10-09 21:51:12.932  INFO 24361 --- [localhost-startStop-1] o.s.web.context.ContextLoader            : Root WebApplicationContext: initialization completed in 2189 ms
2017-10-09 21:51:13.554  INFO 24361 --- [localhost-startStop-1] o.s.b.c.e.ServletRegistrationBean        : Mapping servlet: 'dispatcherServlet' to [/]
2017-10-09 21:51:13.562  INFO 24361 --- [localhost-startStop-1] o.s.b.c.embedded.FilterRegistrationBean  : Mapping filter: 'characterEncodingFilter' to: [/*]
2017-10-09 21:51:13.562  INFO 24361 --- [localhost-startStop-1] o.s.b.c.embedded.FilterRegistrationBean  : Mapping filter: 'hiddenHttpMethodFilter' to: [/*]
2017-10-09 21:51:13.734  INFO 24361 --- [localhost-startStop-1] o.a.c.util.SessionIdGeneratorBase        : Creation of SecureRandom instance for session ID generation using [SHA1PRNG] took [144] milliseconds.
2017-10-09 21:51:14.101  INFO 24361 --- [main] s.w.s.m.m.a.RequestMappingHandlerAdapter : Looking for @ControllerAdvice: org.springframework.boot.context.embedded.AnnotationConfigEmbeddedWebApplicationContext@5bb21b69: startup date [Mon Oct 09 21:51:10 CST 2017]; root of context hierarchy
2017-10-09 21:51:14.214  INFO 24361 --- [main] s.w.s.m.m.a.RequestMappingHandlerMapping : Mapped "{[/]}" onto public java.lang.String com.spring.web.ch6.Ch623Application.index()
2017-10-09 21:51:14.221  INFO 24361 --- [main] s.w.s.m.m.a.RequestMappingHandlerMapping : Mapped "{[/error]}" onto public org.springframework.http.ResponseEntity<java.util.Map<java.lang.String, java.lang.Object>> org.springframework.boot.autoconfigure.web.BasicErrorController.error(javax.servlet.http.HttpServletRequest)
2017-10-09 21:51:14.222  INFO 24361 --- [main] s.w.s.m.m.a.RequestMappingHandlerMapping : Mapped "{[/error],produces=[text/html]}" onto public org.springframework.web.servlet.ModelAndView org.springframework.boot.autoconfigure.web.BasicErrorController.errorHtml(javax.servlet.http.HttpServletRequest)
2017-10-09 21:51:14.249  INFO 24361 --- [main] o.s.w.s.handler.SimpleUrlHandlerMapping  : Mapped URL path [/webjars/**] onto handler of type [class org.springframework.web.servlet.resource.ResourceHttpRequestHandler]
2017-10-09 21:51:14.250  INFO 24361 --- [main] o.s.w.s.handler.SimpleUrlHandlerMapping  : Mapped URL path [/**] onto handler of type [class org.springframework.web.servlet.resource.ResourceHttpRequestHandler]
2017-10-09 21:51:14.291  INFO 24361 --- [main] o.s.w.s.handler.SimpleUrlHandlerMapping  : Mapped URL path [/**/favicon.ico] onto handler of type [class org.springframework.web.servlet.resource.ResourceHttpRequestHandler]
2017-10-09 21:51:14.425  INFO 24361 --- [main] o.s.j.e.a.AnnotationMBeanExporter        : Registering beans for JMX exposure on startup
2017-10-09 21:51:14.503  INFO 24361 --- [main] s.b.c.e.t.TomcatEmbeddedServletContainer : Tomcat started on port(s): 8888 (http)
2017-10-09 21:51:14.507  INFO 24361 --- [main] com.spring.web.ch6.Ch623Application      : Started Ch623Application in 4.292 seconds (JVM running for 4.901)
2017-10-09 21:51:22.848  INFO 24361 --- [http-nio-8888-exec-1] o.a.c.c.C.[.[localhost].[/helloboot]     : Initializing Spring FrameworkServlet 'dispatcherServlet'
2017-10-09 21:51:22.850  INFO 24361 --- [http-nio-8888-exec-1] o.s.web.servlet.DispatcherServlet        : FrameworkServlet 'dispatcherServlet': initialization started
2017-10-09 21:51:22.860  INFO 24361 --- [http-nio-8888-exec-1] o.s.web.servlet.DispatcherServlet        : FrameworkServlet 'dispatcherServlet': initialization completed in 10 ms
2017-10-09 21:51:27.951  INFO 24361 --- [Thread-1] ationConfigEmbeddedWebApplicationContext : Closing org.springframework.boot.context.embedded.AnnotationConfigEmbeddedWebApplicationContext@5bb21b69: startup date [Mon Oct 09 21:51:10 CST 2017]; root of context hierarchy
2017-10-09 21:51:27.955  INFO 24361 --- [Thread-1] o.s.j.e.a.AnnotationMBeanExporter        : Unregistering JMX-exposed beans on shutdown
2017-10-09 21:51:38.935  INFO 24393 --- [main] com.spring.web.ch6.Ch623Application      : Starting Ch623Application on wangweideMacBook-Pro.local with PID 24393 (/Users/wangwei/Documents/gitRepositiry/myFirstSpringBoot/firstSpringBoot/WebRoot/WEB-INF/classes started by wangwei in /Users/wangwei/Documents/gitRepositiry)
2017-10-09 21:51:39.033  INFO 24393 --- [main] ationConfigEmbeddedWebApplicationContext : Refreshing org.springframework.boot.context.embedded.AnnotationConfigEmbeddedWebApplicationContext@5bb21b69: startup date [Mon Oct 09 21:51:39 CST 2017]; root of context hierarchy
2017-10-09 21:51:39.912  INFO 24393 --- [main] o.s.b.f.s.DefaultListableBeanFactory     : Overriding bean definition for bean 'beanNameViewResolver' with a different definition: replacing [Root bean: class [null]; scope=; abstract=false; lazyInit=false; autowireMode=3; dependencyCheck=0; autowireCandidate=true; primary=false; factoryBeanName=org.springframework.boot.autoconfigure.web.ErrorMvcAutoConfiguration$WhitelabelErrorViewConfiguration; factoryMethodName=beanNameViewResolver; initMethodName=null; destroyMethodName=(inferred); defined in class path resource [org/springframework/boot/autoconfigure/web/ErrorMvcAutoConfiguration$WhitelabelErrorViewConfiguration.class]] with [Root bean: class [null]; scope=; abstract=false; lazyInit=false; autowireMode=3; dependencyCheck=0; autowireCandidate=true; primary=false; factoryBeanName=org.springframework.boot.autoconfigure.web.WebMvcAutoConfiguration$WebMvcAutoConfigurationAdapter; factoryMethodName=beanNameViewResolver; initMethodName=null; destroyMethodName=(inferred); defined in class path resource [org/springframework/boot/autoconfigure/web/WebMvcAutoConfiguration$WebMvcAutoConfigurationAdapter.class]]
2017-10-09 21:51:40.576  INFO 24393 --- [main] s.b.c.e.t.TomcatEmbeddedServletContainer : Tomcat initialized with port(s): 80 (http)
2017-10-09 21:51:40.741  INFO 24393 --- [main] o.apache.catalina.core.StandardService   : Starting service Tomcat
2017-10-09 21:51:40.742  INFO 24393 --- [main] org.apache.catalina.core.StandardEngine  : Starting Servlet Engine: Apache Tomcat/8.0.23
2017-10-09 21:51:40.796  INFO 24393 --- [localhost-startStop-1] o.a.c.c.C.[.[localhost].[/helloboot]     : Initializing Spring embedded WebApplicationContext
2017-10-09 21:51:40.796  INFO 24393 --- [localhost-startStop-1] o.s.web.context.ContextLoader            : Root WebApplicationContext: initialization completed in 1766 ms
2017-10-09 21:51:41.204  INFO 24393 --- [localhost-startStop-1] o.s.b.c.e.ServletRegistrationBean        : Mapping servlet: 'dispatcherServlet' to [/]
2017-10-09 21:51:41.208  INFO 24393 --- [localhost-startStop-1] o.s.b.c.embedded.FilterRegistrationBean  : Mapping filter: 'characterEncodingFilter' to: [/*]
2017-10-09 21:51:41.209  INFO 24393 --- [localhost-startStop-1] o.s.b.c.embedded.FilterRegistrationBean  : Mapping filter: 'hiddenHttpMethodFilter' to: [/*]
2017-10-09 21:51:41.485  INFO 24393 --- [main] s.w.s.m.m.a.RequestMappingHandlerAdapter : Looking for @ControllerAdvice: org.springframework.boot.context.embedded.AnnotationConfigEmbeddedWebApplicationContext@5bb21b69: startup date [Mon Oct 09 21:51:39 CST 2017]; root of context hierarchy
2017-10-09 21:51:41.522  INFO 24393 --- [main] s.w.s.m.m.a.RequestMappingHandlerMapping : Mapped "{[/]}" onto public java.lang.String com.spring.web.ch6.Ch623Application.index()
2017-10-09 21:51:41.525  INFO 24393 --- [main] s.w.s.m.m.a.RequestMappingHandlerMapping : Mapped "{[/error]}" onto public org.springframework.http.ResponseEntity<java.util.Map<java.lang.String, java.lang.Object>> org.springframework.boot.autoconfigure.web.BasicErrorController.error(javax.servlet.http.HttpServletRequest)
2017-10-09 21:51:41.525  INFO 24393 --- [main] s.w.s.m.m.a.RequestMappingHandlerMapping : Mapped "{[/error],produces=[text/html]}" onto public org.springframework.web.servlet.ModelAndView org.springframework.boot.autoconfigure.web.BasicErrorController.errorHtml(javax.servlet.http.HttpServletRequest)
2017-10-09 21:51:41.539  INFO 24393 --- [main] o.s.w.s.handler.SimpleUrlHandlerMapping  : Mapped URL path [/webjars/**] onto handler of type [class org.springframework.web.servlet.resource.ResourceHttpRequestHandler]
2017-10-09 21:51:41.539  INFO 24393 --- [main] o.s.w.s.handler.SimpleUrlHandlerMapping  : Mapped URL path [/**] onto handler of type [class org.springframework.web.servlet.resource.ResourceHttpRequestHandler]
2017-10-09 21:51:41.560  INFO 24393 --- [main] o.s.w.s.handler.SimpleUrlHandlerMapping  : Mapped URL path [/**/favicon.ico] onto handler of type [class org.springframework.web.servlet.resource.ResourceHttpRequestHandler]
2017-10-09 21:51:41.620  INFO 24393 --- [main] o.s.j.e.a.AnnotationMBeanExporter        : Registering beans for JMX exposure on startup
2017-10-09 21:51:41.656 ERROR 24393 --- [main] o.a.coyote.http11.Http11NioProtocol      : Failed to start end point associated with ProtocolHandler ["http-nio-80"]

java.net.SocketException: Permission denied
	at sun.nio.ch.Net.bind0(Native Method)
	at sun.nio.ch.Net.bind(Net.java:433)
	at sun.nio.ch.Net.bind(Net.java:425)
	at sun.nio.ch.ServerSocketChannelImpl.bind(ServerSocketChannelImpl.java:223)
	at sun.nio.ch.ServerSocketAdaptor.bind(ServerSocketAdaptor.java:74)
	at org.apache.tomcat.util.net.NioEndpoint.bind(NioEndpoint.java:338)
	at org.apache.tomcat.util.net.AbstractEndpoint.start(AbstractEndpoint.java:760)
	at org.apache.coyote.AbstractProtocol.start(AbstractProtocol.java:472)
	at org.apache.catalina.connector.Connector.startInternal(Connector.java:986)
	at org.apache.catalina.util.LifecycleBase.start(LifecycleBase.java:150)
	at org.apache.catalina.core.StandardService.addConnector(StandardService.java:237)
	at org.springframework.boot.context.embedded.tomcat.TomcatEmbeddedServletContainer.addPreviouslyRemovedConnectors(TomcatEmbeddedServletContainer.java:186)
	at org.springframework.boot.context.embedded.tomcat.TomcatEmbeddedServletContainer.start(TomcatEmbeddedServletContainer.java:149)
	at org.springframework.boot.context.embedded.EmbeddedWebApplicationContext.startEmbeddedServletContainer(EmbeddedWebApplicationContext.java:288)
	at org.springframework.boot.context.embedded.EmbeddedWebApplicationContext.finishRefresh(EmbeddedWebApplicationContext.java:141)
	at org.springframework.context.support.AbstractApplicationContext.refresh(AbstractApplicationContext.java:524)
	at org.springframework.boot.context.embedded.EmbeddedWebApplicationContext.refresh(EmbeddedWebApplicationContext.java:118)
	at org.springframework.boot.SpringApplication.refresh(SpringApplication.java:678)
	at org.springframework.boot.SpringApplication.doRun(SpringApplication.java:339)
	at org.springframework.boot.SpringApplication.run(SpringApplication.java:274)
	at org.springframework.boot.SpringApplication.run(SpringApplication.java:931)
	at org.springframework.boot.SpringApplication.run(SpringApplication.java:920)
	at com.spring.web.ch6.Ch623Application.main(Ch623Application.java:26)

2017-10-09 21:51:41.657 ERROR 24393 --- [main] o.apache.catalina.core.StandardService   : Failed to start connector [Connector[HTTP/1.1-80]]

org.apache.catalina.LifecycleException: Failed to start component [Connector[HTTP/1.1-80]]
	at org.apache.catalina.util.LifecycleBase.start(LifecycleBase.java:154)
	at org.apache.catalina.core.StandardService.addConnector(StandardService.java:237)
	at org.springframework.boot.context.embedded.tomcat.TomcatEmbeddedServletContainer.addPreviouslyRemovedConnectors(TomcatEmbeddedServletContainer.java:186)
	at org.springframework.boot.context.embedded.tomcat.TomcatEmbeddedServletContainer.start(TomcatEmbeddedServletContainer.java:149)
	at org.springframework.boot.context.embedded.EmbeddedWebApplicationContext.startEmbeddedServletContainer(EmbeddedWebApplicationContext.java:288)
	at org.springframework.boot.context.embedded.EmbeddedWebApplicationContext.finishRefresh(EmbeddedWebApplicationContext.java:141)
	at org.springframework.context.support.AbstractApplicationContext.refresh(AbstractApplicationContext.java:524)
	at org.springframework.boot.context.embedded.EmbeddedWebApplicationContext.refresh(EmbeddedWebApplicationContext.java:118)
	at org.springframework.boot.SpringApplication.refresh(SpringApplication.java:678)
	at org.springframework.boot.SpringApplication.doRun(SpringApplication.java:339)
	at org.springframework.boot.SpringApplication.run(SpringApplication.java:274)
	at org.springframework.boot.SpringApplication.run(SpringApplication.java:931)
	at org.springframework.boot.SpringApplication.run(SpringApplication.java:920)
	at com.spring.web.ch6.Ch623Application.main(Ch623Application.java:26)
Caused by: org.apache.catalina.LifecycleException: service.getName(): "Tomcat";  Protocol handler start failed
	at org.apache.catalina.connector.Connector.startInternal(Connector.java:993)
	at org.apache.catalina.util.LifecycleBase.start(LifecycleBase.java:150)
	... 13 common frames omitted
Caused by: java.net.SocketException: Permission denied
	at sun.nio.ch.Net.bind0(Native Method)
	at sun.nio.ch.Net.bind(Net.java:433)
	at sun.nio.ch.Net.bind(Net.java:425)
	at sun.nio.ch.ServerSocketChannelImpl.bind(ServerSocketChannelImpl.java:223)
	at sun.nio.ch.ServerSocketAdaptor.bind(ServerSocketAdaptor.java:74)
	at org.apache.tomcat.util.net.NioEndpoint.bind(NioEndpoint.java:338)
	at org.apache.tomcat.util.net.AbstractEndpoint.start(AbstractEndpoint.java:760)
	at org.apache.coyote.AbstractProtocol.start(AbstractProtocol.java:472)
	at org.apache.catalina.connector.Connector.startInternal(Connector.java:986)
	... 14 common frames omitted

2017-10-09 21:51:41.661  INFO 24393 --- [main] o.apache.catalina.core.StandardService   : Stopping service Tomcat
2017-10-09 21:51:41.668  INFO 24393 --- [main] .b.l.ClasspathLoggingApplicationListener : Application failed to start with classpath: [file:/Library/Java/JavaVirtualMachines/jdk1.8.0_101.jdk/Contents/Home/jre/lib/charsets.jar, file:/Library/Java/JavaVirtualMachines/jdk1.8.0_101.jdk/Contents/Home/jre/lib/deploy.jar, file:/Library/Java/JavaVirtualMachines/jdk1.8.0_101.jdk/Contents/Home/jre/lib/ext/cldrdata.jar, file:/Library/Java/JavaVirtualMachines/jdk1.8.0_101.jdk/Contents/Home/jre/lib/ext/dnsns.jar, file:/Library/Java/JavaVirtualMachines/jdk1.8.0_101.jdk/Contents/Home/jre/lib/ext/jaccess.jar, file:/Library/Java/JavaVirtualMachines/jdk1.8.0_101.jdk/Contents/Home/jre/lib/ext/jfxrt.jar, file:/Library/Java/JavaVirtualMachines/jdk1.8.0_101.jdk/Contents/Home/jre/lib/ext/localedata.jar, file:/Library/Java/JavaVirtualMachines/jdk1.8.0_101.jdk/Contents/Home/jre/lib/ext/nashorn.jar, file:/Library/Java/JavaVirtualMachines/jdk1.8.0_101.jdk/Contents/Home/jre/lib/ext/sunec.jar, file:/Library/Java/JavaVirtualMachines/jdk1.8.0_101.jdk/Contents/Home/jre/lib/ext/sunjce_provider.jar, file:/Library/Java/JavaVirtualMachines/jdk1.8.0_101.jdk/Contents/Home/jre/lib/ext/sunpkcs11.jar, file:/Library/Java/JavaVirtualMachines/jdk1.8.0_101.jdk/Contents/Home/jre/lib/ext/zipfs.jar, file:/Library/Java/JavaVirtualMachines/jdk1.8.0_101.jdk/Contents/Home/jre/lib/javaws.jar, file:/Library/Java/JavaVirtualMachines/jdk1.8.0_101.jdk/Contents/Home/jre/lib/jce.jar, file:/Library/Java/JavaVirtualMachines/jdk1.8.0_101.jdk/Contents/Home/jre/lib/jfr.jar, file:/Library/Java/JavaVirtualMachines/jdk1.8.0_101.jdk/Contents/Home/jre/lib/jfxswt.jar, file:/Library/Java/JavaVirtualMachines/jdk1.8.0_101.jdk/Contents/Home/jre/lib/jsse.jar, file:/Library/Java/JavaVirtualMachines/jdk1.8.0_101.jdk/Contents/Home/jre/lib/management-agent.jar, file:/Library/Java/JavaVirtualMachines/jdk1.8.0_101.jdk/Contents/Home/jre/lib/plugin.jar, file:/Library/Java/JavaVirtualMachines/jdk1.8.0_101.jdk/Contents/Home/jre/lib/resources.jar, file:/Library/Java/JavaVirtualMachines/jdk1.8.0_101.jdk/Contents/Home/jre/lib/rt.jar, file:/Library/Java/JavaVirtualMachines/jdk1.8.0_101.jdk/Contents/Home/lib/ant-javafx.jar, file:/Library/Java/JavaVirtualMachines/jdk1.8.0_101.jdk/Contents/Home/lib/dt.jar, file:/Library/Java/JavaVirtualMachines/jdk1.8.0_101.jdk/Contents/Home/lib/javafx-mx.jar, file:/Library/Java/JavaVirtualMachines/jdk1.8.0_101.jdk/Contents/Home/lib/jconsole.jar, file:/Library/Java/JavaVirtualMachines/jdk1.8.0_101.jdk/Contents/Home/lib/packager.jar, file:/Library/Java/JavaVirtualMachines/jdk1.8.0_101.jdk/Contents/Home/lib/sa-jdi.jar, file:/Library/Java/JavaVirtualMachines/jdk1.8.0_101.jdk/Contents/Home/lib/tools.jar, file:/Users/wangwei/Documents/gitRepositiry/myFirstSpringBoot/firstSpringBoot/WebRoot/WEB-INF/classes/, file:/usr/local/Cellar/maven/repository/org/springframework/boot/spring-boot-starter-web/1.3.0.M1/spring-boot-starter-web-1.3.0.M1.jar, file:/usr/local/Cellar/maven/repository/org/springframework/boot/spring-boot-starter/1.3.0.M1/spring-boot-starter-1.3.0.M1.jar, file:/usr/local/Cellar/maven/repository/org/springframework/boot/spring-boot/1.3.0.M1/spring-boot-1.3.0.M1.jar, file:/usr/local/Cellar/maven/repository/org/springframework/boot/spring-boot-autoconfigure/1.3.0.M1/spring-boot-autoconfigure-1.3.0.M1.jar, file:/usr/local/Cellar/maven/repository/org/springframework/boot/spring-boot-starter-logging/1.3.0.M1/spring-boot-starter-logging-1.3.0.M1.jar, file:/usr/local/Cellar/maven/repository/ch/qos/logback/logback-classic/1.1.3/logback-classic-1.1.3.jar, file:/usr/local/Cellar/maven/repository/ch/qos/logback/logback-core/1.1.3/logback-core-1.1.3.jar, file:/usr/local/Cellar/maven/repository/org/slf4j/slf4j-api/1.7.12/slf4j-api-1.7.12.jar, file:/usr/local/Cellar/maven/repository/org/slf4j/jcl-over-slf4j/1.7.12/jcl-over-slf4j-1.7.12.jar, file:/usr/local/Cellar/maven/repository/org/slf4j/jul-to-slf4j/1.7.12/jul-to-slf4j-1.7.12.jar, file:/usr/local/Cellar/maven/repository/org/slf4j/log4j-over-slf4j/1.7.12/log4j-over-slf4j-1.7.12.jar, file:/usr/local/Cellar/maven/repository/org/yaml/snakeyaml/1.15/snakeyaml-1.15.jar, file:/usr/local/Cellar/maven/repository/org/springframework/boot/spring-boot-starter-tomcat/1.3.0.M1/spring-boot-starter-tomcat-1.3.0.M1.jar, file:/usr/local/Cellar/maven/repository/org/apache/tomcat/embed/tomcat-embed-core/8.0.23/tomcat-embed-core-8.0.23.jar, file:/usr/local/Cellar/maven/repository/org/apache/tomcat/embed/tomcat-embed-el/8.0.23/tomcat-embed-el-8.0.23.jar, file:/usr/local/Cellar/maven/repository/org/apache/tomcat/embed/tomcat-embed-logging-juli/8.0.23/tomcat-embed-logging-juli-8.0.23.jar, file:/usr/local/Cellar/maven/repository/org/apache/tomcat/embed/tomcat-embed-websocket/8.0.23/tomcat-embed-websocket-8.0.23.jar, file:/usr/local/Cellar/maven/repository/org/springframework/boot/spring-boot-starter-validation/1.3.0.M1/spring-boot-starter-validation-1.3.0.M1.jar, file:/usr/local/Cellar/maven/repository/org/hibernate/hibernate-validator/5.1.3.Final/hibernate-validator-5.1.3.Final.jar, file:/usr/local/Cellar/maven/repository/javax/validation/validation-api/1.1.0.Final/validation-api-1.1.0.Final.jar, file:/usr/local/Cellar/maven/repository/org/jboss/logging/jboss-logging/3.1.3.GA/jboss-logging-3.1.3.GA.jar, file:/usr/local/Cellar/maven/repository/com/fasterxml/classmate/1.0.0/classmate-1.0.0.jar, file:/usr/local/Cellar/maven/repository/com/fasterxml/jackson/core/jackson-databind/2.5.4/jackson-databind-2.5.4.jar, file:/usr/local/Cellar/maven/repository/com/fasterxml/jackson/core/jackson-annotations/2.5.4/jackson-annotations-2.5.4.jar, file:/usr/local/Cellar/maven/repository/com/fasterxml/jackson/core/jackson-core/2.5.4/jackson-core-2.5.4.jar, file:/usr/local/Cellar/maven/repository/org/springframework/spring-web/4.2.0.RC1/spring-web-4.2.0.RC1.jar, file:/usr/local/Cellar/maven/repository/org/springframework/spring-aop/4.2.0.RC1/spring-aop-4.2.0.RC1.jar, file:/usr/local/Cellar/maven/repository/aopalliance/aopalliance/1.0/aopalliance-1.0.jar, file:/usr/local/Cellar/maven/repository/org/springframework/spring-beans/4.2.0.RC1/spring-beans-4.2.0.RC1.jar, file:/usr/local/Cellar/maven/repository/org/springframework/spring-context/4.2.0.RC1/spring-context-4.2.0.RC1.jar, file:/usr/local/Cellar/maven/repository/org/springframework/spring-webmvc/4.2.0.RC1/spring-webmvc-4.2.0.RC1.jar, file:/usr/local/Cellar/maven/repository/org/springframework/spring-expression/4.2.0.RC1/spring-expression-4.2.0.RC1.jar, file:/usr/local/Cellar/maven/repository/org/json/json/20140107/json-20140107.jar, file:/usr/local/Cellar/maven/repository/org/springframework/spring-core/4.2.0.RC1/spring-core-4.2.0.RC1.jar, file:/usr/local/Cellar/maven/repository/commons-logging/commons-logging/1.2/commons-logging-1.2.jar, file:/Applications/IntelliJ%20IDEA.app/Contents/lib/idea_rt.jar]
2017-10-09 21:51:41.669 ERROR 24393 --- [main] o.s.boot.SpringApplication               : Application startup failed

java.lang.IllegalStateException: Tomcat connector in failed state
	at org.springframework.boot.context.embedded.tomcat.TomcatEmbeddedServletContainer.start(TomcatEmbeddedServletContainer.java:157)
	at org.springframework.boot.context.embedded.EmbeddedWebApplicationContext.startEmbeddedServletContainer(EmbeddedWebApplicationContext.java:288)
	at org.springframework.boot.context.embedded.EmbeddedWebApplicationContext.finishRefresh(EmbeddedWebApplicationContext.java:141)
	at org.springframework.context.support.AbstractApplicationContext.refresh(AbstractApplicationContext.java:524)
	at org.springframework.boot.context.embedded.EmbeddedWebApplicationContext.refresh(EmbeddedWebApplicationContext.java:118)
	at org.springframework.boot.SpringApplication.refresh(SpringApplication.java:678)
	at org.springframework.boot.SpringApplication.doRun(SpringApplication.java:339)
	at org.springframework.boot.SpringApplication.run(SpringApplication.java:274)
	at org.springframework.boot.SpringApplication.run(SpringApplication.java:931)
	at org.springframework.boot.SpringApplication.run(SpringApplication.java:920)
	at com.spring.web.ch6.Ch623Application.main(Ch623Application.java:26)

2017-10-09 21:51:41.670  INFO 24393 --- [Thread-1] ationConfigEmbeddedWebApplicationContext : Closing org.springframework.boot.context.embedded.AnnotationConfigEmbeddedWebApplicationContext@5bb21b69: startup date [Mon Oct 09 21:51:39 CST 2017]; root of context hierarchy
2017-10-09 21:51:41.671  INFO 24393 --- [Thread-1] o.s.j.e.a.AnnotationMBeanExporter        : Unregistering JMX-exposed beans on shutdown
2017-10-09 21:52:16.712  INFO 24410 --- [main] com.spring.web.ch6.Ch623Application      : Starting Ch623Application on wangweideMacBook-Pro.local with PID 24410 (/Users/wangwei/Documents/gitRepositiry/myFirstSpringBoot/firstSpringBoot/WebRoot/WEB-INF/classes started by wangwei in /Users/wangwei/Documents/gitRepositiry)
2017-10-09 21:52:16.757  INFO 24410 --- [main] ationConfigEmbeddedWebApplicationContext : Refreshing org.springframework.boot.context.embedded.AnnotationConfigEmbeddedWebApplicationContext@5bb21b69: startup date [Mon Oct 09 21:52:16 CST 2017]; root of context hierarchy
2017-10-09 21:52:17.706  INFO 24410 --- [main] o.s.b.f.s.DefaultListableBeanFactory     : Overriding bean definition for bean 'beanNameViewResolver' with a different definition: replacing [Root bean: class [null]; scope=; abstract=false; lazyInit=false; autowireMode=3; dependencyCheck=0; autowireCandidate=true; primary=false; factoryBeanName=org.springframework.boot.autoconfigure.web.ErrorMvcAutoConfiguration$WhitelabelErrorViewConfiguration; factoryMethodName=beanNameViewResolver; initMethodName=null; destroyMethodName=(inferred); defined in class path resource [org/springframework/boot/autoconfigure/web/ErrorMvcAutoConfiguration$WhitelabelErrorViewConfiguration.class]] with [Root bean: class [null]; scope=; abstract=false; lazyInit=false; autowireMode=3; dependencyCheck=0; autowireCandidate=true; primary=false; factoryBeanName=org.springframework.boot.autoconfigure.web.WebMvcAutoConfiguration$WebMvcAutoConfigurationAdapter; factoryMethodName=beanNameViewResolver; initMethodName=null; destroyMethodName=(inferred); defined in class path resource [org/springframework/boot/autoconfigure/web/WebMvcAutoConfiguration$WebMvcAutoConfigurationAdapter.class]]
2017-10-09 21:52:18.357  INFO 24410 --- [main] s.b.c.e.t.TomcatEmbeddedServletContainer : Tomcat initialized with port(s): 801 (http)
2017-10-09 21:52:18.527  INFO 24410 --- [main] o.apache.catalina.core.StandardService   : Starting service Tomcat
2017-10-09 21:52:18.527  INFO 24410 --- [main] org.apache.catalina.core.StandardEngine  : Starting Servlet Engine: Apache Tomcat/8.0.23
2017-10-09 21:52:18.583  INFO 24410 --- [localhost-startStop-1] o.a.c.c.C.[.[localhost].[/helloboot]     : Initializing Spring embedded WebApplicationContext
2017-10-09 21:52:18.583  INFO 24410 --- [localhost-startStop-1] o.s.web.context.ContextLoader            : Root WebApplicationContext: initialization completed in 1829 ms
2017-10-09 21:52:18.959  INFO 24410 --- [localhost-startStop-1] o.s.b.c.e.ServletRegistrationBean        : Mapping servlet: 'dispatcherServlet' to [/]
2017-10-09 21:52:18.963  INFO 24410 --- [localhost-startStop-1] o.s.b.c.embedded.FilterRegistrationBean  : Mapping filter: 'characterEncodingFilter' to: [/*]
2017-10-09 21:52:18.964  INFO 24410 --- [localhost-startStop-1] o.s.b.c.embedded.FilterRegistrationBean  : Mapping filter: 'hiddenHttpMethodFilter' to: [/*]
2017-10-09 21:52:19.264  INFO 24410 --- [main] s.w.s.m.m.a.RequestMappingHandlerAdapter : Looking for @ControllerAdvice: org.springframework.boot.context.embedded.AnnotationConfigEmbeddedWebApplicationContext@5bb21b69: startup date [Mon Oct 09 21:52:16 CST 2017]; root of context hierarchy
2017-10-09 21:52:19.307  INFO 24410 --- [main] s.w.s.m.m.a.RequestMappingHandlerMapping : Mapped "{[/]}" onto public java.lang.String com.spring.web.ch6.Ch623Application.index()
2017-10-09 21:52:19.310  INFO 24410 --- [main] s.w.s.m.m.a.RequestMappingHandlerMapping : Mapped "{[/error]}" onto public org.springframework.http.ResponseEntity<java.util.Map<java.lang.String, java.lang.Object>> org.springframework.boot.autoconfigure.web.BasicErrorController.error(javax.servlet.http.HttpServletRequest)
2017-10-09 21:52:19.310  INFO 24410 --- [main] s.w.s.m.m.a.RequestMappingHandlerMapping : Mapped "{[/error],produces=[text/html]}" onto public org.springframework.web.servlet.ModelAndView org.springframework.boot.autoconfigure.web.BasicErrorController.errorHtml(javax.servlet.http.HttpServletRequest)
2017-10-09 21:52:19.329  INFO 24410 --- [main] o.s.w.s.handler.SimpleUrlHandlerMapping  : Mapped URL path [/webjars/**] onto handler of type [class org.springframework.web.servlet.resource.ResourceHttpRequestHandler]
2017-10-09 21:52:19.330  INFO 24410 --- [main] o.s.w.s.handler.SimpleUrlHandlerMapping  : Mapped URL path [/**] onto handler of type [class org.springframework.web.servlet.resource.ResourceHttpRequestHandler]
2017-10-09 21:52:19.357  INFO 24410 --- [main] o.s.w.s.handler.SimpleUrlHandlerMapping  : Mapped URL path [/**/favicon.ico] onto handler of type [class org.springframework.web.servlet.resource.ResourceHttpRequestHandler]
2017-10-09 21:52:19.411  INFO 24410 --- [main] o.s.j.e.a.AnnotationMBeanExporter        : Registering beans for JMX exposure on startup
2017-10-09 21:52:19.446 ERROR 24410 --- [main] o.a.coyote.http11.Http11NioProtocol      : Failed to start end point associated with ProtocolHandler ["http-nio-801"]

java.net.SocketException: Permission denied
	at sun.nio.ch.Net.bind0(Native Method)
	at sun.nio.ch.Net.bind(Net.java:433)
	at sun.nio.ch.Net.bind(Net.java:425)
	at sun.nio.ch.ServerSocketChannelImpl.bind(ServerSocketChannelImpl.java:223)
	at sun.nio.ch.ServerSocketAdaptor.bind(ServerSocketAdaptor.java:74)
	at org.apache.tomcat.util.net.NioEndpoint.bind(NioEndpoint.java:338)
	at org.apache.tomcat.util.net.AbstractEndpoint.start(AbstractEndpoint.java:760)
	at org.apache.coyote.AbstractProtocol.start(AbstractProtocol.java:472)
	at org.apache.catalina.connector.Connector.startInternal(Connector.java:986)
	at org.apache.catalina.util.LifecycleBase.start(LifecycleBase.java:150)
	at org.apache.catalina.core.StandardService.addConnector(StandardService.java:237)
	at org.springframework.boot.context.embedded.tomcat.TomcatEmbeddedServletContainer.addPreviouslyRemovedConnectors(TomcatEmbeddedServletContainer.java:186)
	at org.springframework.boot.context.embedded.tomcat.TomcatEmbeddedServletContainer.start(TomcatEmbeddedServletContainer.java:149)
	at org.springframework.boot.context.embedded.EmbeddedWebApplicationContext.startEmbeddedServletContainer(EmbeddedWebApplicationContext.java:288)
	at org.springframework.boot.context.embedded.EmbeddedWebApplicationContext.finishRefresh(EmbeddedWebApplicationContext.java:141)
	at org.springframework.context.support.AbstractApplicationContext.refresh(AbstractApplicationContext.java:524)
	at org.springframework.boot.context.embedded.EmbeddedWebApplicationContext.refresh(EmbeddedWebApplicationContext.java:118)
	at org.springframework.boot.SpringApplication.refresh(SpringApplication.java:678)
	at org.springframework.boot.SpringApplication.doRun(SpringApplication.java:339)
	at org.springframework.boot.SpringApplication.run(SpringApplication.java:274)
	at org.springframework.boot.SpringApplication.run(SpringApplication.java:931)
	at org.springframework.boot.SpringApplication.run(SpringApplication.java:920)
	at com.spring.web.ch6.Ch623Application.main(Ch623Application.java:26)

2017-10-09 21:52:19.448 ERROR 24410 --- [main] o.apache.catalina.core.StandardService   : Failed to start connector [Connector[HTTP/1.1-801]]

org.apache.catalina.LifecycleException: Failed to start component [Connector[HTTP/1.1-801]]
	at org.apache.catalina.util.LifecycleBase.start(LifecycleBase.java:154)
	at org.apache.catalina.core.StandardService.addConnector(StandardService.java:237)
	at org.springframework.boot.context.embedded.tomcat.TomcatEmbeddedServletContainer.addPreviouslyRemovedConnectors(TomcatEmbeddedServletContainer.java:186)
	at org.springframework.boot.context.embedded.tomcat.TomcatEmbeddedServletContainer.start(TomcatEmbeddedServletContainer.java:149)
	at org.springframework.boot.context.embedded.EmbeddedWebApplicationContext.startEmbeddedServletContainer(EmbeddedWebApplicationContext.java:288)
	at org.springframework.boot.context.embedded.EmbeddedWebApplicationContext.finishRefresh(EmbeddedWebApplicationContext.java:141)
	at org.springframework.context.support.AbstractApplicationContext.refresh(AbstractApplicationContext.java:524)
	at org.springframework.boot.context.embedded.EmbeddedWebApplicationContext.refresh(EmbeddedWebApplicationContext.java:118)
	at org.springframework.boot.SpringApplication.refresh(SpringApplication.java:678)
	at org.springframework.boot.SpringApplication.doRun(SpringApplication.java:339)
	at org.springframework.boot.SpringApplication.run(SpringApplication.java:274)
	at org.springframework.boot.SpringApplication.run(SpringApplication.java:931)
	at org.springframework.boot.SpringApplication.run(SpringApplication.java:920)
	at com.spring.web.ch6.Ch623Application.main(Ch623Application.java:26)
Caused by: org.apache.catalina.LifecycleException: service.getName(): "Tomcat";  Protocol handler start failed
	at org.apache.catalina.connector.Connector.startInternal(Connector.java:993)
	at org.apache.catalina.util.LifecycleBase.start(LifecycleBase.java:150)
	... 13 common frames omitted
Caused by: java.net.SocketException: Permission denied
	at sun.nio.ch.Net.bind0(Native Method)
	at sun.nio.ch.Net.bind(Net.java:433)
	at sun.nio.ch.Net.bind(Net.java:425)
	at sun.nio.ch.ServerSocketChannelImpl.bind(ServerSocketChannelImpl.java:223)
	at sun.nio.ch.ServerSocketAdaptor.bind(ServerSocketAdaptor.java:74)
	at org.apache.tomcat.util.net.NioEndpoint.bind(NioEndpoint.java:338)
	at org.apache.tomcat.util.net.AbstractEndpoint.start(AbstractEndpoint.java:760)
	at org.apache.coyote.AbstractProtocol.start(AbstractProtocol.java:472)
	at org.apache.catalina.connector.Connector.startInternal(Connector.java:986)
	... 14 common frames omitted

2017-10-09 21:52:19.452  INFO 24410 --- [main] o.apache.catalina.core.StandardService   : Stopping service Tomcat
2017-10-09 21:52:19.462  INFO 24410 --- [main] .b.l.ClasspathLoggingApplicationListener : Application failed to start with classpath: [file:/Library/Java/JavaVirtualMachines/jdk1.8.0_101.jdk/Contents/Home/jre/lib/charsets.jar, file:/Library/Java/JavaVirtualMachines/jdk1.8.0_101.jdk/Contents/Home/jre/lib/deploy.jar, file:/Library/Java/JavaVirtualMachines/jdk1.8.0_101.jdk/Contents/Home/jre/lib/ext/cldrdata.jar, file:/Library/Java/JavaVirtualMachines/jdk1.8.0_101.jdk/Contents/Home/jre/lib/ext/dnsns.jar, file:/Library/Java/JavaVirtualMachines/jdk1.8.0_101.jdk/Contents/Home/jre/lib/ext/jaccess.jar, file:/Library/Java/JavaVirtualMachines/jdk1.8.0_101.jdk/Contents/Home/jre/lib/ext/jfxrt.jar, file:/Library/Java/JavaVirtualMachines/jdk1.8.0_101.jdk/Contents/Home/jre/lib/ext/localedata.jar, file:/Library/Java/JavaVirtualMachines/jdk1.8.0_101.jdk/Contents/Home/jre/lib/ext/nashorn.jar, file:/Library/Java/JavaVirtualMachines/jdk1.8.0_101.jdk/Contents/Home/jre/lib/ext/sunec.jar, file:/Library/Java/JavaVirtualMachines/jdk1.8.0_101.jdk/Contents/Home/jre/lib/ext/sunjce_provider.jar, file:/Library/Java/JavaVirtualMachines/jdk1.8.0_101.jdk/Contents/Home/jre/lib/ext/sunpkcs11.jar, file:/Library/Java/JavaVirtualMachines/jdk1.8.0_101.jdk/Contents/Home/jre/lib/ext/zipfs.jar, file:/Library/Java/JavaVirtualMachines/jdk1.8.0_101.jdk/Contents/Home/jre/lib/javaws.jar, file:/Library/Java/JavaVirtualMachines/jdk1.8.0_101.jdk/Contents/Home/jre/lib/jce.jar, file:/Library/Java/JavaVirtualMachines/jdk1.8.0_101.jdk/Contents/Home/jre/lib/jfr.jar, file:/Library/Java/JavaVirtualMachines/jdk1.8.0_101.jdk/Contents/Home/jre/lib/jfxswt.jar, file:/Library/Java/JavaVirtualMachines/jdk1.8.0_101.jdk/Contents/Home/jre/lib/jsse.jar, file:/Library/Java/JavaVirtualMachines/jdk1.8.0_101.jdk/Contents/Home/jre/lib/management-agent.jar, file:/Library/Java/JavaVirtualMachines/jdk1.8.0_101.jdk/Contents/Home/jre/lib/plugin.jar, file:/Library/Java/JavaVirtualMachines/jdk1.8.0_101.jdk/Contents/Home/jre/lib/resources.jar, file:/Library/Java/JavaVirtualMachines/jdk1.8.0_101.jdk/Contents/Home/jre/lib/rt.jar, file:/Library/Java/JavaVirtualMachines/jdk1.8.0_101.jdk/Contents/Home/lib/ant-javafx.jar, file:/Library/Java/JavaVirtualMachines/jdk1.8.0_101.jdk/Contents/Home/lib/dt.jar, file:/Library/Java/JavaVirtualMachines/jdk1.8.0_101.jdk/Contents/Home/lib/javafx-mx.jar, file:/Library/Java/JavaVirtualMachines/jdk1.8.0_101.jdk/Contents/Home/lib/jconsole.jar, file:/Library/Java/JavaVirtualMachines/jdk1.8.0_101.jdk/Contents/Home/lib/packager.jar, file:/Library/Java/JavaVirtualMachines/jdk1.8.0_101.jdk/Contents/Home/lib/sa-jdi.jar, file:/Library/Java/JavaVirtualMachines/jdk1.8.0_101.jdk/Contents/Home/lib/tools.jar, file:/Users/wangwei/Documents/gitRepositiry/myFirstSpringBoot/firstSpringBoot/WebRoot/WEB-INF/classes/, file:/usr/local/Cellar/maven/repository/org/springframework/boot/spring-boot-starter-web/1.3.0.M1/spring-boot-starter-web-1.3.0.M1.jar, file:/usr/local/Cellar/maven/repository/org/springframework/boot/spring-boot-starter/1.3.0.M1/spring-boot-starter-1.3.0.M1.jar, file:/usr/local/Cellar/maven/repository/org/springframework/boot/spring-boot/1.3.0.M1/spring-boot-1.3.0.M1.jar, file:/usr/local/Cellar/maven/repository/org/springframework/boot/spring-boot-autoconfigure/1.3.0.M1/spring-boot-autoconfigure-1.3.0.M1.jar, file:/usr/local/Cellar/maven/repository/org/springframework/boot/spring-boot-starter-logging/1.3.0.M1/spring-boot-starter-logging-1.3.0.M1.jar, file:/usr/local/Cellar/maven/repository/ch/qos/logback/logback-classic/1.1.3/logback-classic-1.1.3.jar, file:/usr/local/Cellar/maven/repository/ch/qos/logback/logback-core/1.1.3/logback-core-1.1.3.jar, file:/usr/local/Cellar/maven/repository/org/slf4j/slf4j-api/1.7.12/slf4j-api-1.7.12.jar, file:/usr/local/Cellar/maven/repository/org/slf4j/jcl-over-slf4j/1.7.12/jcl-over-slf4j-1.7.12.jar, file:/usr/local/Cellar/maven/repository/org/slf4j/jul-to-slf4j/1.7.12/jul-to-slf4j-1.7.12.jar, file:/usr/local/Cellar/maven/repository/org/slf4j/log4j-over-slf4j/1.7.12/log4j-over-slf4j-1.7.12.jar, file:/usr/local/Cellar/maven/repository/org/yaml/snakeyaml/1.15/snakeyaml-1.15.jar, file:/usr/local/Cellar/maven/repository/org/springframework/boot/spring-boot-starter-tomcat/1.3.0.M1/spring-boot-starter-tomcat-1.3.0.M1.jar, file:/usr/local/Cellar/maven/repository/org/apache/tomcat/embed/tomcat-embed-core/8.0.23/tomcat-embed-core-8.0.23.jar, file:/usr/local/Cellar/maven/repository/org/apache/tomcat/embed/tomcat-embed-el/8.0.23/tomcat-embed-el-8.0.23.jar, file:/usr/local/Cellar/maven/repository/org/apache/tomcat/embed/tomcat-embed-logging-juli/8.0.23/tomcat-embed-logging-juli-8.0.23.jar, file:/usr/local/Cellar/maven/repository/org/apache/tomcat/embed/tomcat-embed-websocket/8.0.23/tomcat-embed-websocket-8.0.23.jar, file:/usr/local/Cellar/maven/repository/org/springframework/boot/spring-boot-starter-validation/1.3.0.M1/spring-boot-starter-validation-1.3.0.M1.jar, file:/usr/local/Cellar/maven/repository/org/hibernate/hibernate-validator/5.1.3.Final/hibernate-validator-5.1.3.Final.jar, file:/usr/local/Cellar/maven/repository/javax/validation/validation-api/1.1.0.Final/validation-api-1.1.0.Final.jar, file:/usr/local/Cellar/maven/repository/org/jboss/logging/jboss-logging/3.1.3.GA/jboss-logging-3.1.3.GA.jar, file:/usr/local/Cellar/maven/repository/com/fasterxml/classmate/1.0.0/classmate-1.0.0.jar, file:/usr/local/Cellar/maven/repository/com/fasterxml/jackson/core/jackson-databind/2.5.4/jackson-databind-2.5.4.jar, file:/usr/local/Cellar/maven/repository/com/fasterxml/jackson/core/jackson-annotations/2.5.4/jackson-annotations-2.5.4.jar, file:/usr/local/Cellar/maven/repository/com/fasterxml/jackson/core/jackson-core/2.5.4/jackson-core-2.5.4.jar, file:/usr/local/Cellar/maven/repository/org/springframework/spring-web/4.2.0.RC1/spring-web-4.2.0.RC1.jar, file:/usr/local/Cellar/maven/repository/org/springframework/spring-aop/4.2.0.RC1/spring-aop-4.2.0.RC1.jar, file:/usr/local/Cellar/maven/repository/aopalliance/aopalliance/1.0/aopalliance-1.0.jar, file:/usr/local/Cellar/maven/repository/org/springframework/spring-beans/4.2.0.RC1/spring-beans-4.2.0.RC1.jar, file:/usr/local/Cellar/maven/repository/org/springframework/spring-context/4.2.0.RC1/spring-context-4.2.0.RC1.jar, file:/usr/local/Cellar/maven/repository/org/springframework/spring-webmvc/4.2.0.RC1/spring-webmvc-4.2.0.RC1.jar, file:/usr/local/Cellar/maven/repository/org/springframework/spring-expression/4.2.0.RC1/spring-expression-4.2.0.RC1.jar, file:/usr/local/Cellar/maven/repository/org/json/json/20140107/json-20140107.jar, file:/usr/local/Cellar/maven/repository/org/springframework/spring-core/4.2.0.RC1/spring-core-4.2.0.RC1.jar, file:/usr/local/Cellar/maven/repository/commons-logging/commons-logging/1.2/commons-logging-1.2.jar, file:/Applications/IntelliJ%20IDEA.app/Contents/lib/idea_rt.jar]
2017-10-09 21:52:19.463 ERROR 24410 --- [main] o.s.boot.SpringApplication               : Application startup failed

java.lang.IllegalStateException: Tomcat connector in failed state
	at org.springframework.boot.context.embedded.tomcat.TomcatEmbeddedServletContainer.start(TomcatEmbeddedServletContainer.java:157)
	at org.springframework.boot.context.embedded.EmbeddedWebApplicationContext.startEmbeddedServletContainer(EmbeddedWebApplicationContext.java:288)
	at org.springframework.boot.context.embedded.EmbeddedWebApplicationContext.finishRefresh(EmbeddedWebApplicationContext.java:141)
	at org.springframework.context.support.AbstractApplicationContext.refresh(AbstractApplicationContext.java:524)
	at org.springframework.boot.context.embedded.EmbeddedWebApplicationContext.refresh(EmbeddedWebApplicationContext.java:118)
	at org.springframework.boot.SpringApplication.refresh(SpringApplication.java:678)
	at org.springframework.boot.SpringApplication.doRun(SpringApplication.java:339)
	at org.springframework.boot.SpringApplication.run(SpringApplication.java:274)
	at org.springframework.boot.SpringApplication.run(SpringApplication.java:931)
	at org.springframework.boot.SpringApplication.run(SpringApplication.java:920)
	at com.spring.web.ch6.Ch623Application.main(Ch623Application.java:26)

2017-10-09 21:52:19.465  INFO 24410 --- [Thread-1] ationConfigEmbeddedWebApplicationContext : Closing org.springframework.boot.context.embedded.AnnotationConfigEmbeddedWebApplicationContext@5bb21b69: startup date [Mon Oct 09 21:52:16 CST 2017]; root of context hierarchy
2017-10-09 21:52:19.466  INFO 24410 --- [Thread-1] o.s.j.e.a.AnnotationMBeanExporter        : Unregistering JMX-exposed beans on shutdown
2017-10-09 21:52:38.118  INFO 24422 --- [main] com.spring.web.ch6.Ch623Application      : Starting Ch623Application on wangweideMacBook-Pro.local with PID 24422 (/Users/wangwei/Documents/gitRepositiry/myFirstSpringBoot/firstSpringBoot/WebRoot/WEB-INF/classes started by wangwei in /Users/wangwei/Documents/gitRepositiry)
2017-10-09 21:52:38.170  INFO 24422 --- [main] ationConfigEmbeddedWebApplicationContext : Refreshing org.springframework.boot.context.embedded.AnnotationConfigEmbeddedWebApplicationContext@5bb21b69: startup date [Mon Oct 09 21:52:38 CST 2017]; root of context hierarchy
2017-10-09 21:52:38.988  INFO 24422 --- [main] o.s.b.f.s.DefaultListableBeanFactory     : Overriding bean definition for bean 'beanNameViewResolver' with a different definition: replacing [Root bean: class [null]; scope=; abstract=false; lazyInit=false; autowireMode=3; dependencyCheck=0; autowireCandidate=true; primary=false; factoryBeanName=org.springframework.boot.autoconfigure.web.ErrorMvcAutoConfiguration$WhitelabelErrorViewConfiguration; factoryMethodName=beanNameViewResolver; initMethodName=null; destroyMethodName=(inferred); defined in class path resource [org/springframework/boot/autoconfigure/web/ErrorMvcAutoConfiguration$WhitelabelErrorViewConfiguration.class]] with [Root bean: class [null]; scope=; abstract=false; lazyInit=false; autowireMode=3; dependencyCheck=0; autowireCandidate=true; primary=false; factoryBeanName=org.springframework.boot.autoconfigure.web.WebMvcAutoConfiguration$WebMvcAutoConfigurationAdapter; factoryMethodName=beanNameViewResolver; initMethodName=null; destroyMethodName=(inferred); defined in class path resource [org/springframework/boot/autoconfigure/web/WebMvcAutoConfiguration$WebMvcAutoConfigurationAdapter.class]]
2017-10-09 21:52:39.780  INFO 24422 --- [main] s.b.c.e.t.TomcatEmbeddedServletContainer : Tomcat initialized with port(s): 8087 (http)
2017-10-09 21:52:40.163  INFO 24422 --- [main] o.apache.catalina.core.StandardService   : Starting service Tomcat
2017-10-09 21:52:40.168  INFO 24422 --- [main] org.apache.catalina.core.StandardEngine  : Starting Servlet Engine: Apache Tomcat/8.0.23
2017-10-09 21:52:40.240  INFO 24422 --- [localhost-startStop-1] o.a.c.c.C.[.[localhost].[/helloboot]     : Initializing Spring embedded WebApplicationContext
2017-10-09 21:52:40.241  INFO 24422 --- [localhost-startStop-1] o.s.web.context.ContextLoader            : Root WebApplicationContext: initialization completed in 2074 ms
2017-10-09 21:52:41.291  INFO 24422 --- [localhost-startStop-1] o.s.b.c.e.ServletRegistrationBean        : Mapping servlet: 'dispatcherServlet' to [/]
2017-10-09 21:52:41.306  INFO 24422 --- [localhost-startStop-1] o.s.b.c.embedded.FilterRegistrationBean  : Mapping filter: 'characterEncodingFilter' to: [/*]
2017-10-09 21:52:41.308  INFO 24422 --- [localhost-startStop-1] o.s.b.c.embedded.FilterRegistrationBean  : Mapping filter: 'hiddenHttpMethodFilter' to: [/*]
2017-10-09 21:52:41.505  INFO 24422 --- [localhost-startStop-1] o.a.c.util.SessionIdGeneratorBase        : Creation of SecureRandom instance for session ID generation using [SHA1PRNG] took [167] milliseconds.
2017-10-09 21:52:41.700  INFO 24422 --- [main] s.w.s.m.m.a.RequestMappingHandlerAdapter : Looking for @ControllerAdvice: org.springframework.boot.context.embedded.AnnotationConfigEmbeddedWebApplicationContext@5bb21b69: startup date [Mon Oct 09 21:52:38 CST 2017]; root of context hierarchy
2017-10-09 21:52:41.752  INFO 24422 --- [main] s.w.s.m.m.a.RequestMappingHandlerMapping : Mapped "{[/]}" onto public java.lang.String com.spring.web.ch6.Ch623Application.index()
2017-10-09 21:52:41.755  INFO 24422 --- [main] s.w.s.m.m.a.RequestMappingHandlerMapping : Mapped "{[/error]}" onto public org.springframework.http.ResponseEntity<java.util.Map<java.lang.String, java.lang.Object>> org.springframework.boot.autoconfigure.web.BasicErrorController.error(javax.servlet.http.HttpServletRequest)
2017-10-09 21:52:41.755  INFO 24422 --- [main] s.w.s.m.m.a.RequestMappingHandlerMapping : Mapped "{[/error],produces=[text/html]}" onto public org.springframework.web.servlet.ModelAndView org.springframework.boot.autoconfigure.web.BasicErrorController.errorHtml(javax.servlet.http.HttpServletRequest)
2017-10-09 21:52:41.771  INFO 24422 --- [main] o.s.w.s.handler.SimpleUrlHandlerMapping  : Mapped URL path [/webjars/**] onto handler of type [class org.springframework.web.servlet.resource.ResourceHttpRequestHandler]
2017-10-09 21:52:41.771  INFO 24422 --- [main] o.s.w.s.handler.SimpleUrlHandlerMapping  : Mapped URL path [/**] onto handler of type [class org.springframework.web.servlet.resource.ResourceHttpRequestHandler]
2017-10-09 21:52:41.795  INFO 24422 --- [main] o.s.w.s.handler.SimpleUrlHandlerMapping  : Mapped URL path [/**/favicon.ico] onto handler of type [class org.springframework.web.servlet.resource.ResourceHttpRequestHandler]
2017-10-09 21:52:41.911  INFO 24422 --- [main] o.s.j.e.a.AnnotationMBeanExporter        : Registering beans for JMX exposure on startup
2017-10-09 21:52:42.006  INFO 24422 --- [main] s.b.c.e.t.TomcatEmbeddedServletContainer : Tomcat started on port(s): 8087 (http)
2017-10-09 21:52:42.010  INFO 24422 --- [main] com.spring.web.ch6.Ch623Application      : Started Ch623Application in 4.313 seconds (JVM running for 4.953)
2017-10-09 21:52:52.719  INFO 24422 --- [Thread-1] ationConfigEmbeddedWebApplicationContext : Closing org.springframework.boot.context.embedded.AnnotationConfigEmbeddedWebApplicationContext@5bb21b69: startup date [Mon Oct 09 21:52:38 CST 2017]; root of context hierarchy
2017-10-09 21:52:52.721  INFO 24422 --- [Thread-1] o.s.j.e.a.AnnotationMBeanExporter        : Unregistering JMX-exposed beans on shutdown
2017-10-09 21:59:14.444  INFO 24551 --- [main] com.spring.web.ch6.Ch623Application      : Starting Ch623Application on wangweideMacBook-Pro.local with PID 24551 (/Users/wangwei/Documents/gitRepositiry/myFirstSpringBoot/firstSpringBoot/WebRoot/WEB-INF/classes started by wangwei in /Users/wangwei/Documents/gitRepositiry)
2017-10-09 21:59:14.450 DEBUG 24551 --- [main] o.s.boot.SpringApplication               : Loading source class com.spring.web.ch6.Ch623Application
2017-10-09 21:59:14.603 DEBUG 24551 --- [main] o.s.b.c.c.ConfigFileApplicationListener  : Skipped config file 'file:./config/application.xml' resource not found
2017-10-09 21:59:14.604 DEBUG 24551 --- [main] o.s.b.c.c.ConfigFileApplicationListener  : Skipped config file 'file:./config/application.yml' resource not found
2017-10-09 21:59:14.604 DEBUG 24551 --- [main] o.s.b.c.c.ConfigFileApplicationListener  : Skipped config file 'file:./config/application.properties' resource not found
2017-10-09 21:59:14.604 DEBUG 24551 --- [main] o.s.b.c.c.ConfigFileApplicationListener  : Skipped config file 'file:./config/application.yaml' resource not found
2017-10-09 21:59:14.604 DEBUG 24551 --- [main] o.s.b.c.c.ConfigFileApplicationListener  : Skipped config file 'file:./application.xml' resource not found
2017-10-09 21:59:14.605 DEBUG 24551 --- [main] o.s.b.c.c.ConfigFileApplicationListener  : Skipped config file 'file:./application.yml' resource not found
2017-10-09 21:59:14.605 DEBUG 24551 --- [main] o.s.b.c.c.ConfigFileApplicationListener  : Skipped config file 'file:./application.properties' resource not found
2017-10-09 21:59:14.605 DEBUG 24551 --- [main] o.s.b.c.c.ConfigFileApplicationListener  : Skipped config file 'file:./application.yaml' resource not found
2017-10-09 21:59:14.605 DEBUG 24551 --- [main] o.s.b.c.c.ConfigFileApplicationListener  : Skipped config file 'classpath:/config/application.xml' resource not found
2017-10-09 21:59:14.605 DEBUG 24551 --- [main] o.s.b.c.c.ConfigFileApplicationListener  : Skipped config file 'classpath:/config/application.yml' resource not found
2017-10-09 21:59:14.605 DEBUG 24551 --- [main] o.s.b.c.c.ConfigFileApplicationListener  : Skipped config file 'classpath:/config/application.properties' resource not found
2017-10-09 21:59:14.605 DEBUG 24551 --- [main] o.s.b.c.c.ConfigFileApplicationListener  : Skipped config file 'classpath:/config/application.yaml' resource not found
2017-10-09 21:59:14.605 DEBUG 24551 --- [main] o.s.b.c.c.ConfigFileApplicationListener  : Skipped config file 'classpath:/application.xml' resource not found
2017-10-09 21:59:14.606 DEBUG 24551 --- [main] o.s.b.c.c.ConfigFileApplicationListener  : Skipped config file 'classpath:/application.yml' resource not found
2017-10-09 21:59:14.606 DEBUG 24551 --- [main] o.s.b.c.c.ConfigFileApplicationListener  : Activated profiles prod
2017-10-09 21:59:14.606 DEBUG 24551 --- [main] o.s.b.c.c.ConfigFileApplicationListener  : Loaded config file 'classpath:/application.properties'
2017-10-09 21:59:14.606 DEBUG 24551 --- [main] o.s.b.c.c.ConfigFileApplicationListener  : Skipped config file 'classpath:/application.yaml' resource not found
2017-10-09 21:59:14.606 DEBUG 24551 --- [main] o.s.b.c.c.ConfigFileApplicationListener  : Skipped config file 'file:./config/application-prod.xml' resource not found
2017-10-09 21:59:14.606 DEBUG 24551 --- [main] o.s.b.c.c.ConfigFileApplicationListener  : Skipped config file 'file:./config/application-prod.xml' for profileprod resource not found
2017-10-09 21:59:14.606 DEBUG 24551 --- [main] o.s.b.c.c.ConfigFileApplicationListener  : Skipped config file 'file:./config/application.xml' for profileprod resource not found
2017-10-09 21:59:14.607 DEBUG 24551 --- [main] o.s.b.c.c.ConfigFileApplicationListener  : Skipped config file 'file:./config/application-prod.yml' resource not found
2017-10-09 21:59:14.607 DEBUG 24551 --- [main] o.s.b.c.c.ConfigFileApplicationListener  : Skipped config file 'file:./config/application-prod.yml' for profileprod resource not found
2017-10-09 21:59:14.607 DEBUG 24551 --- [main] o.s.b.c.c.ConfigFileApplicationListener  : Skipped config file 'file:./config/application.yml' for profileprod resource not found
2017-10-09 21:59:14.607 DEBUG 24551 --- [main] o.s.b.c.c.ConfigFileApplicationListener  : Skipped config file 'file:./config/application-prod.properties' resource not found
2017-10-09 21:59:14.607 DEBUG 24551 --- [main] o.s.b.c.c.ConfigFileApplicationListener  : Skipped config file 'file:./config/application-prod.properties' for profileprod resource not found
2017-10-09 21:59:14.607 DEBUG 24551 --- [main] o.s.b.c.c.ConfigFileApplicationListener  : Skipped config file 'file:./config/application.properties' for profileprod resource not found
2017-10-09 21:59:14.607 DEBUG 24551 --- [main] o.s.b.c.c.ConfigFileApplicationListener  : Skipped config file 'file:./config/application-prod.yaml' resource not found
2017-10-09 21:59:14.607 DEBUG 24551 --- [main] o.s.b.c.c.ConfigFileApplicationListener  : Skipped config file 'file:./config/application-prod.yaml' for profileprod resource not found
2017-10-09 21:59:14.607 DEBUG 24551 --- [main] o.s.b.c.c.ConfigFileApplicationListener  : Skipped config file 'file:./config/application.yaml' for profileprod resource not found
2017-10-09 21:59:14.608 DEBUG 24551 --- [main] o.s.b.c.c.ConfigFileApplicationListener  : Skipped config file 'file:./application-prod.xml' resource not found
2017-10-09 21:59:14.608 DEBUG 24551 --- [main] o.s.b.c.c.ConfigFileApplicationListener  : Skipped config file 'file:./application-prod.xml' for profileprod resource not found
2017-10-09 21:59:14.608 DEBUG 24551 --- [main] o.s.b.c.c.ConfigFileApplicationListener  : Skipped config file 'file:./application.xml' for profileprod resource not found
2017-10-09 21:59:14.608 DEBUG 24551 --- [main] o.s.b.c.c.ConfigFileApplicationListener  : Skipped config file 'file:./application-prod.yml' resource not found
2017-10-09 21:59:14.608 DEBUG 24551 --- [main] o.s.b.c.c.ConfigFileApplicationListener  : Skipped config file 'file:./application-prod.yml' for profileprod resource not found
2017-10-09 21:59:14.608 DEBUG 24551 --- [main] o.s.b.c.c.ConfigFileApplicationListener  : Skipped config file 'file:./application.yml' for profileprod resource not found
2017-10-09 21:59:14.608 DEBUG 24551 --- [main] o.s.b.c.c.ConfigFileApplicationListener  : Skipped config file 'file:./application-prod.properties' resource not found
2017-10-09 21:59:14.609 DEBUG 24551 --- [main] o.s.b.c.c.ConfigFileApplicationListener  : Skipped config file 'file:./application-prod.properties' for profileprod resource not found
2017-10-09 21:59:14.609 DEBUG 24551 --- [main] o.s.b.c.c.ConfigFileApplicationListener  : Skipped config file 'file:./application.properties' for profileprod resource not found
2017-10-09 21:59:14.609 DEBUG 24551 --- [main] o.s.b.c.c.ConfigFileApplicationListener  : Skipped config file 'file:./application-prod.yaml' resource not found
2017-10-09 21:59:14.609 DEBUG 24551 --- [main] o.s.b.c.c.ConfigFileApplicationListener  : Skipped config file 'file:./application-prod.yaml' for profileprod resource not found
2017-10-09 21:59:14.609 DEBUG 24551 --- [main] o.s.b.c.c.ConfigFileApplicationListener  : Skipped config file 'file:./application.yaml' for profileprod resource not found
2017-10-09 21:59:14.609 DEBUG 24551 --- [main] o.s.b.c.c.ConfigFileApplicationListener  : Skipped config file 'classpath:/config/application-prod.xml' resource not found
2017-10-09 21:59:14.609 DEBUG 24551 --- [main] o.s.b.c.c.ConfigFileApplicationListener  : Skipped config file 'classpath:/config/application-prod.xml' for profileprod resource not found
2017-10-09 21:59:14.609 DEBUG 24551 --- [main] o.s.b.c.c.ConfigFileApplicationListener  : Skipped config file 'classpath:/config/application.xml' for profileprod resource not found
2017-10-09 21:59:14.609 DEBUG 24551 --- [main] o.s.b.c.c.ConfigFileApplicationListener  : Skipped config file 'classpath:/config/application-prod.yml' resource not found
2017-10-09 21:59:14.609 DEBUG 24551 --- [main] o.s.b.c.c.ConfigFileApplicationListener  : Skipped config file 'classpath:/config/application-prod.yml' for profileprod resource not found
2017-10-09 21:59:14.609 DEBUG 24551 --- [main] o.s.b.c.c.ConfigFileApplicationListener  : Skipped config file 'classpath:/config/application.yml' for profileprod resource not found
2017-10-09 21:59:14.610 DEBUG 24551 --- [main] o.s.b.c.c.ConfigFileApplicationListener  : Skipped config file 'classpath:/config/application-prod.properties' resource not found
2017-10-09 21:59:14.610 DEBUG 24551 --- [main] o.s.b.c.c.ConfigFileApplicationListener  : Skipped config file 'classpath:/config/application-prod.properties' for profileprod resource not found
2017-10-09 21:59:14.610 DEBUG 24551 --- [main] o.s.b.c.c.ConfigFileApplicationListener  : Skipped config file 'classpath:/config/application.properties' for profileprod resource not found
2017-10-09 21:59:14.610 DEBUG 24551 --- [main] o.s.b.c.c.ConfigFileApplicationListener  : Skipped config file 'classpath:/config/application-prod.yaml' resource not found
2017-10-09 21:59:14.611 DEBUG 24551 --- [main] o.s.b.c.c.ConfigFileApplicationListener  : Skipped config file 'classpath:/config/application-prod.yaml' for profileprod resource not found
2017-10-09 21:59:14.611 DEBUG 24551 --- [main] o.s.b.c.c.ConfigFileApplicationListener  : Skipped config file 'classpath:/config/application.yaml' for profileprod resource not found
2017-10-09 21:59:14.611 DEBUG 24551 --- [main] o.s.b.c.c.ConfigFileApplicationListener  : Skipped config file 'classpath:/application-prod.xml' resource not found
2017-10-09 21:59:14.611 DEBUG 24551 --- [main] o.s.b.c.c.ConfigFileApplicationListener  : Skipped config file 'classpath:/application-prod.xml' for profileprod resource not found
2017-10-09 21:59:14.611 DEBUG 24551 --- [main] o.s.b.c.c.ConfigFileApplicationListener  : Skipped config file 'classpath:/application.xml' for profileprod resource not found
2017-10-09 21:59:14.612 DEBUG 24551 --- [main] o.s.b.c.c.ConfigFileApplicationListener  : Skipped config file 'classpath:/application-prod.yml' resource not found
2017-10-09 21:59:14.612 DEBUG 24551 --- [main] o.s.b.c.c.ConfigFileApplicationListener  : Skipped config file 'classpath:/application-prod.yml' for profileprod resource not found
2017-10-09 21:59:14.612 DEBUG 24551 --- [main] o.s.b.c.c.ConfigFileApplicationListener  : Skipped config file 'classpath:/application.yml' for profileprod resource not found
2017-10-09 21:59:14.612 DEBUG 24551 --- [main] o.s.b.c.c.ConfigFileApplicationListener  : Loaded config file 'classpath:/application-prod.properties'
2017-10-09 21:59:14.612 DEBUG 24551 --- [main] o.s.b.c.c.ConfigFileApplicationListener  : Skipped config file 'classpath:/application-prod.properties' for profileprod
2017-10-09 21:59:14.612 DEBUG 24551 --- [main] o.s.b.c.c.ConfigFileApplicationListener  : Skipped config file 'classpath:/application.properties' for profileprod
2017-10-09 21:59:14.616 DEBUG 24551 --- [main] o.s.b.c.c.ConfigFileApplicationListener  : Skipped config file 'classpath:/application-prod.yaml' resource not found
2017-10-09 21:59:14.616 DEBUG 24551 --- [main] o.s.b.c.c.ConfigFileApplicationListener  : Skipped config file 'classpath:/application-prod.yaml' for profileprod resource not found
2017-10-09 21:59:14.616 DEBUG 24551 --- [main] o.s.b.c.c.ConfigFileApplicationListener  : Skipped config file 'classpath:/application.yaml' for profileprod resource not found
2017-10-09 21:59:14.621  INFO 24551 --- [main] ationConfigEmbeddedWebApplicationContext : Refreshing org.springframework.boot.context.embedded.AnnotationConfigEmbeddedWebApplicationContext@38bc8ab5: startup date [Mon Oct 09 21:59:14 CST 2017]; root of context hierarchy
2017-10-09 21:59:14.626 DEBUG 24551 --- [main] ationConfigEmbeddedWebApplicationContext : Bean factory for org.springframework.boot.context.embedded.AnnotationConfigEmbeddedWebApplicationContext@38bc8ab5: org.springframework.beans.factory.support.DefaultListableBeanFactory@f0f2775: defining beans [org.springframework.context.annotation.internalConfigurationAnnotationProcessor,org.springframework.context.annotation.internalAutowiredAnnotationProcessor,org.springframework.context.annotation.internalRequiredAnnotationProcessor,org.springframework.context.annotation.internalCommonAnnotationProcessor,org.springframework.context.event.internalEventListenerProcessor,org.springframework.context.event.internalEventListenerFactory,ch623Application]; root of factory hierarchy
2017-10-09 21:59:15.787  INFO 24551 --- [main] o.s.b.f.s.DefaultListableBeanFactory     : Overriding bean definition for bean 'beanNameViewResolver' with a different definition: replacing [Root bean: class [null]; scope=; abstract=false; lazyInit=false; autowireMode=3; dependencyCheck=0; autowireCandidate=true; primary=false; factoryBeanName=org.springframework.boot.autoconfigure.web.ErrorMvcAutoConfiguration$WhitelabelErrorViewConfiguration; factoryMethodName=beanNameViewResolver; initMethodName=null; destroyMethodName=(inferred); defined in class path resource [org/springframework/boot/autoconfigure/web/ErrorMvcAutoConfiguration$WhitelabelErrorViewConfiguration.class]] with [Root bean: class [null]; scope=; abstract=false; lazyInit=false; autowireMode=3; dependencyCheck=0; autowireCandidate=true; primary=false; factoryBeanName=org.springframework.boot.autoconfigure.web.WebMvcAutoConfiguration$WebMvcAutoConfigurationAdapter; factoryMethodName=beanNameViewResolver; initMethodName=null; destroyMethodName=(inferred); defined in class path resource [org/springframework/boot/autoconfigure/web/WebMvcAutoConfiguration$WebMvcAutoConfigurationAdapter.class]]
2017-10-09 21:59:16.245 DEBUG 24551 --- [main] ationConfigEmbeddedWebApplicationContext : Unable to locate MessageSource with name 'messageSource': using default [org.springframework.context.support.DelegatingMessageSource@225129c]
2017-10-09 21:59:16.245 DEBUG 24551 --- [main] ationConfigEmbeddedWebApplicationContext : Using ApplicationEventMulticaster [org.springframework.context.event.SimpleApplicationEventMulticaster@20435c40]
2017-10-09 21:59:16.579 DEBUG 24551 --- [main] .t.TomcatEmbeddedServletContainerFactory : Code archive: /usr/local/Cellar/maven/repository/org/springframework/boot/spring-boot/1.3.0.M1/spring-boot-1.3.0.M1.jar
2017-10-09 21:59:16.580 DEBUG 24551 --- [main] .t.TomcatEmbeddedServletContainerFactory : Code archive: /usr/local/Cellar/maven/repository/org/springframework/boot/spring-boot/1.3.0.M1/spring-boot-1.3.0.M1.jar
2017-10-09 21:59:16.580 DEBUG 24551 --- [main] .t.TomcatEmbeddedServletContainerFactory : Document root: /Users/wangwei/Documents/gitRepositiry/src/main/webapp
2017-10-09 21:59:16.617  INFO 24551 --- [main] s.b.c.e.t.TomcatEmbeddedServletContainer : Tomcat initialized with port(s): 8087 (http)
2017-10-09 21:59:16.907  INFO 24551 --- [main] o.apache.catalina.core.StandardService   : Starting service Tomcat
2017-10-09 21:59:16.910  INFO 24551 --- [main] org.apache.catalina.core.StandardEngine  : Starting Servlet Engine: Apache Tomcat/8.0.23
2017-10-09 21:59:16.987  INFO 24551 --- [localhost-startStop-1] o.a.c.c.C.[.[localhost].[/helloboot]     : Initializing Spring embedded WebApplicationContext
2017-10-09 21:59:16.987  INFO 24551 --- [localhost-startStop-1] o.s.web.context.ContextLoader            : Root WebApplicationContext: initialization completed in 2370 ms
2017-10-09 21:59:17.094 DEBUG 24551 --- [localhost-startStop-1] o.s.b.c.e.ServletContextInitializerBeans : Added existing Servlet initializer bean 'dispatcherServletRegistration'; order=2147483647, resource=class path resource [org/springframework/boot/autoconfigure/web/DispatcherServletAutoConfiguration$DispatcherServletConfiguration.class]
2017-10-09 21:59:17.244 DEBUG 24551 --- [localhost-startStop-1] o.s.b.c.e.ServletContextInitializerBeans : Created Filter initializer for bean 'characterEncodingFilter'; order=-2147483648, resource=class path resource [org/springframework/boot/autoconfigure/web/HttpEncodingAutoConfiguration.class]
2017-10-09 21:59:17.245 DEBUG 24551 --- [localhost-startStop-1] o.s.b.c.e.ServletContextInitializerBeans : Created Filter initializer for bean 'hiddenHttpMethodFilter'; order=-2147483638, resource=class path resource [org/springframework/boot/autoconfigure/web/WebMvcAutoConfiguration.class]
2017-10-09 21:59:17.792 DEBUG 24551 --- [localhost-startStop-1] o.s.b.c.e.ServletContextInitializerBeans : Created EventListener initializer for bean 'requestContextListener'; order=2147483647, resource=class path resource [org/springframework/boot/autoconfigure/web/WebMvcAutoConfiguration$WebMvcAutoConfigurationAdapter.class]
2017-10-09 21:59:17.806  INFO 24551 --- [localhost-startStop-1] o.s.b.c.e.ServletRegistrationBean        : Mapping servlet: 'dispatcherServlet' to [/]
2017-10-09 21:59:17.811  INFO 24551 --- [localhost-startStop-1] o.s.b.c.embedded.FilterRegistrationBean  : Mapping filter: 'characterEncodingFilter' to: [/*]
2017-10-09 21:59:17.812  INFO 24551 --- [localhost-startStop-1] o.s.b.c.embedded.FilterRegistrationBean  : Mapping filter: 'hiddenHttpMethodFilter' to: [/*]
2017-10-09 21:59:17.964  INFO 24551 --- [localhost-startStop-1] o.a.c.util.SessionIdGeneratorBase        : Creation of SecureRandom instance for session ID generation using [SHA1PRNG] took [136] milliseconds.
2017-10-09 21:59:17.966 DEBUG 24551 --- [localhost-startStop-1] o.s.b.c.w.OrderedHiddenHttpMethodFilter  : Initializing filter 'hiddenHttpMethodFilter'
2017-10-09 21:59:17.968 DEBUG 24551 --- [localhost-startStop-1] o.s.b.c.w.OrderedHiddenHttpMethodFilter  : Filter 'hiddenHttpMethodFilter' configured successfully
2017-10-09 21:59:17.968 DEBUG 24551 --- [localhost-startStop-1] o.s.b.c.w.OrderedCharacterEncodingFilter : Initializing filter 'characterEncodingFilter'
2017-10-09 21:59:17.968 DEBUG 24551 --- [localhost-startStop-1] o.s.b.c.w.OrderedCharacterEncodingFilter : Filter 'characterEncodingFilter' configured successfully
2017-10-09 21:59:18.218  INFO 24551 --- [main] s.w.s.m.m.a.RequestMappingHandlerAdapter : Looking for @ControllerAdvice: org.springframework.boot.context.embedded.AnnotationConfigEmbeddedWebApplicationContext@38bc8ab5: startup date [Mon Oct 09 21:59:14 CST 2017]; root of context hierarchy
2017-10-09 21:59:18.268  INFO 24551 --- [main] s.w.s.m.m.a.RequestMappingHandlerMapping : Mapped "{[/]}" onto public java.lang.String com.spring.web.ch6.Ch623Application.index()
2017-10-09 21:59:18.271  INFO 24551 --- [main] s.w.s.m.m.a.RequestMappingHandlerMapping : Mapped "{[/error]}" onto public org.springframework.http.ResponseEntity<java.util.Map<java.lang.String, java.lang.Object>> org.springframework.boot.autoconfigure.web.BasicErrorController.error(javax.servlet.http.HttpServletRequest)
2017-10-09 21:59:18.271  INFO 24551 --- [main] s.w.s.m.m.a.RequestMappingHandlerMapping : Mapped "{[/error],produces=[text/html]}" onto public org.springframework.web.servlet.ModelAndView org.springframework.boot.autoconfigure.web.BasicErrorController.errorHtml(javax.servlet.http.HttpServletRequest)
2017-10-09 21:59:18.286  INFO 24551 --- [main] o.s.w.s.handler.SimpleUrlHandlerMapping  : Mapped URL path [/webjars/**] onto handler of type [class org.springframework.web.servlet.resource.ResourceHttpRequestHandler]
2017-10-09 21:59:18.286  INFO 24551 --- [main] o.s.w.s.handler.SimpleUrlHandlerMapping  : Mapped URL path [/**] onto handler of type [class org.springframework.web.servlet.resource.ResourceHttpRequestHandler]
2017-10-09 21:59:18.309  INFO 24551 --- [main] o.s.w.s.handler.SimpleUrlHandlerMapping  : Mapped URL path [/**/favicon.ico] onto handler of type [class org.springframework.web.servlet.resource.ResourceHttpRequestHandler]
2017-10-09 21:59:18.366  INFO 24551 --- [main] o.s.j.e.a.AnnotationMBeanExporter        : Registering beans for JMX exposure on startup
2017-10-09 21:59:18.370 DEBUG 24551 --- [main] ationConfigEmbeddedWebApplicationContext : Unable to locate LifecycleProcessor with name 'lifecycleProcessor': using default [org.springframework.context.support.DefaultLifecycleProcessor@362a019c]
2017-10-09 21:59:18.373 DEBUG 24551 --- [main] utoConfigurationReportLoggingInitializer : 


=========================
AUTO-CONFIGURATION REPORT
=========================


Positive matches:
-----------------

   DispatcherServletAutoConfiguration
      - @ConditionalOnClass classes found: org.springframework.web.servlet.DispatcherServlet (OnClassCondition)
      - found web application StandardServletEnvironment (OnWebApplicationCondition)

   DispatcherServletAutoConfiguration.DispatcherServletConfiguration
      - @ConditionalOnClass classes found: javax.servlet.ServletRegistration (OnClassCondition)
      - no ServletRegistrationBean found (DispatcherServletAutoConfiguration.DefaultDispatcherServletCondition)

   EmbeddedServletContainerAutoConfiguration
      - found web application StandardServletEnvironment (OnWebApplicationCondition)

   EmbeddedServletContainerAutoConfiguration.EmbeddedTomcat
      - @ConditionalOnClass classes found: javax.servlet.Servlet,org.apache.catalina.startup.Tomcat (OnClassCondition)
      - @ConditionalOnMissingBean (types: org.springframework.boot.context.embedded.EmbeddedServletContainerFactory; SearchStrategy: current) found no beans (OnBeanCondition)

   ErrorMvcAutoConfiguration
      - @ConditionalOnClass classes found: javax.servlet.Servlet,org.springframework.web.servlet.DispatcherServlet (OnClassCondition)
      - found web application StandardServletEnvironment (OnWebApplicationCondition)

   ErrorMvcAutoConfiguration#basicErrorController
      - @ConditionalOnMissingBean (types: org.springframework.boot.autoconfigure.web.ErrorController; SearchStrategy: current) found no beans (OnBeanCondition)

   ErrorMvcAutoConfiguration#errorAttributes
      - @ConditionalOnMissingBean (types: org.springframework.boot.autoconfigure.web.ErrorAttributes; SearchStrategy: current) found no beans (OnBeanCondition)

   ErrorMvcAutoConfiguration.WhitelabelErrorViewConfiguration
      - No error template view detected (ErrorMvcAutoConfiguration.ErrorTemplateMissingCondition)
      - matched (OnPropertyCondition)

   ErrorMvcAutoConfiguration.WhitelabelErrorViewConfiguration#beanNameViewResolver
      - @ConditionalOnMissingBean (types: org.springframework.web.servlet.view.BeanNameViewResolver; SearchStrategy: all) found no beans (OnBeanCondition)

   ErrorMvcAutoConfiguration.WhitelabelErrorViewConfiguration#defaultErrorView
      - @ConditionalOnMissingBean (names: error; SearchStrategy: all) found no beans (OnBeanCondition)

   GenericCacheConfiguration
      - Automatic cache type (CacheCondition)

   HttpEncodingAutoConfiguration
      - @ConditionalOnClass classes found: org.springframework.web.filter.CharacterEncodingFilter (OnClassCondition)
      - matched (OnPropertyCondition)

   HttpEncodingAutoConfiguration#characterEncodingFilter
      - @ConditionalOnMissingBean (types: org.springframework.web.filter.CharacterEncodingFilter; SearchStrategy: all) found no beans (OnBeanCondition)

   HttpMessageConvertersAutoConfiguration
      - @ConditionalOnClass classes found: org.springframework.http.converter.HttpMessageConverter (OnClassCondition)

   HttpMessageConvertersAutoConfiguration#messageConverters
      - @ConditionalOnMissingBean (types: org.springframework.boot.autoconfigure.web.HttpMessageConverters; SearchStrategy: all) found no beans (OnBeanCondition)

   HttpMessageConvertersAutoConfiguration.StringHttpMessageConverterConfiguration
      - @ConditionalOnClass classes found: org.springframework.http.converter.StringHttpMessageConverter (OnClassCondition)

   HttpMessageConvertersAutoConfiguration.StringHttpMessageConverterConfiguration#stringHttpMessageConverter
      - @ConditionalOnMissingBean (types: org.springframework.http.converter.StringHttpMessageConverter; SearchStrategy: all) found no beans (OnBeanCondition)

   JacksonAutoConfiguration
      - @ConditionalOnClass classes found: com.fasterxml.jackson.databind.ObjectMapper (OnClassCondition)

   JacksonAutoConfiguration.JacksonObjectMapperBuilderConfiguration
      - @ConditionalOnClass classes found: com.fasterxml.jackson.databind.ObjectMapper,org.springframework.http.converter.json.Jackson2ObjectMapperBuilder (OnClassCondition)

   JacksonAutoConfiguration.JacksonObjectMapperBuilderConfiguration#jacksonObjectMapperBuilder
      - @ConditionalOnMissingBean (types: org.springframework.http.converter.json.Jackson2ObjectMapperBuilder; SearchStrategy: all) found no beans (OnBeanCondition)

   JacksonAutoConfiguration.JacksonObjectMapperConfiguration
      - @ConditionalOnClass classes found: com.fasterxml.jackson.databind.ObjectMapper,org.springframework.http.converter.json.Jackson2ObjectMapperBuilder (OnClassCondition)

   JacksonAutoConfiguration.JacksonObjectMapperConfiguration#jacksonObjectMapper
      - @ConditionalOnMissingBean (types: com.fasterxml.jackson.databind.ObjectMapper; SearchStrategy: all) found no beans (OnBeanCondition)

   JacksonHttpMessageConvertersConfiguration.MappingJackson2HttpMessageConverterConfiguration
      - @ConditionalOnClass classes found: com.fasterxml.jackson.databind.ObjectMapper (OnClassCondition)
      - matched (OnPropertyCondition)
      - @ConditionalOnBean (types: com.fasterxml.jackson.databind.ObjectMapper; SearchStrategy: all) found the following [jacksonObjectMapper] (OnBeanCondition)

   JacksonHttpMessageConvertersConfiguration.MappingJackson2HttpMessageConverterConfiguration#mappingJackson2HttpMessageConverter
      - @ConditionalOnMissingBean (types: org.springframework.http.converter.json.MappingJackson2HttpMessageConverter; SearchStrategy: all) found no beans (OnBeanCondition)

   JmxAutoConfiguration
      - @ConditionalOnClass classes found: org.springframework.jmx.export.MBeanExporter (OnClassCondition)
      - matched (OnPropertyCondition)

   JmxAutoConfiguration#mbeanExporter
      - @ConditionalOnMissingBean (types: org.springframework.jmx.export.MBeanExporter; SearchStrategy: current) found no beans (OnBeanCondition)

   JmxAutoConfiguration#mbeanServer
      - @ConditionalOnMissingBean (types: javax.management.MBeanServer; SearchStrategy: all) found no beans (OnBeanCondition)

   JmxAutoConfiguration#objectNamingStrategy
      - @ConditionalOnMissingBean (types: org.springframework.jmx.export.naming.ObjectNamingStrategy; SearchStrategy: current) found no beans (OnBeanCondition)

   MultipartAutoConfiguration
      - @ConditionalOnClass classes found: javax.servlet.Servlet,org.springframework.web.multipart.support.StandardServletMultipartResolver,javax.servlet.MultipartConfigElement (OnClassCondition)
      - matched (OnPropertyCondition)

   MultipartAutoConfiguration#multipartConfigElement
      - @ConditionalOnMissingBean (types: javax.servlet.MultipartConfigElement; SearchStrategy: all) found no beans (OnBeanCondition)

   MultipartAutoConfiguration#multipartResolver
      - @ConditionalOnMissingBean (types: org.springframework.web.multipart.MultipartResolver; SearchStrategy: all) found no beans (OnBeanCondition)

   NoOpCacheConfiguration
      - Automatic cache type (CacheCondition)

   PropertyPlaceholderAutoConfiguration#propertySourcesPlaceholderConfigurer
      - @ConditionalOnMissingBean (types: org.springframework.context.support.PropertySourcesPlaceholderConfigurer; SearchStrategy: current) found no beans (OnBeanCondition)

   RedisCacheConfiguration
      - Automatic cache type (CacheCondition)

   ServerPropertiesAutoConfiguration
      - found web application StandardServletEnvironment (OnWebApplicationCondition)

   ServerPropertiesAutoConfiguration#serverProperties
      - @ConditionalOnMissingBean (types: org.springframework.boot.autoconfigure.web.ServerProperties; SearchStrategy: current) found no beans (OnBeanCondition)

   SimpleCacheConfiguration
      - Automatic cache type (CacheCondition)

   WebMvcAutoConfiguration
      - @ConditionalOnClass classes found: javax.servlet.Servlet,org.springframework.web.servlet.DispatcherServlet,org.springframework.web.servlet.config.annotation.WebMvcConfigurerAdapter (OnClassCondition)
      - found web application StandardServletEnvironment (OnWebApplicationCondition)
      - @ConditionalOnMissingBean (types: org.springframework.web.servlet.config.annotation.WebMvcConfigurationSupport; SearchStrategy: all) found no beans (OnBeanCondition)

   WebMvcAutoConfiguration#hiddenHttpMethodFilter
      - @ConditionalOnMissingBean (types: org.springframework.web.filter.HiddenHttpMethodFilter; SearchStrategy: all) found no beans (OnBeanCondition)

   WebMvcAutoConfiguration.WebMvcAutoConfigurationAdapter#beanNameViewResolver
      - @ConditionalOnBean (types: org.springframework.web.servlet.View; SearchStrategy: all) found the following [error] (OnBeanCondition)

   WebMvcAutoConfiguration.WebMvcAutoConfigurationAdapter#defaultViewResolver
      - @ConditionalOnMissingBean (types: org.springframework.web.servlet.view.InternalResourceViewResolver; SearchStrategy: all) found no beans (OnBeanCondition)

   WebMvcAutoConfiguration.WebMvcAutoConfigurationAdapter#requestContextListener
      - @ConditionalOnMissingBean (types: org.springframework.web.context.request.RequestContextListener; SearchStrategy: all) found no beans (OnBeanCondition)

   WebMvcAutoConfiguration.WebMvcAutoConfigurationAdapter#viewResolver
      - @ConditionalOnBean (types: org.springframework.web.servlet.ViewResolver; SearchStrategy: all) found the following [defaultViewResolver, beanNameViewResolver, mvcViewResolver] @ConditionalOnMissingBean (names: viewResolver; types: org.springframework.web.servlet.view.ContentNegotiatingViewResolver; SearchStrategy: all) found no beans (OnBeanCondition)

   WebMvcAutoConfiguration.WebMvcAutoConfigurationAdapter.FaviconConfiguration
      - matched (OnPropertyCondition)

   WebSocketAutoConfiguration
      - @ConditionalOnClass classes found: javax.servlet.Servlet,javax.websocket.server.ServerContainer (OnClassCondition)

   WebSocketAutoConfiguration.TomcatWebSocketConfiguration
      - @ConditionalOnClass classes found: org.apache.catalina.startup.Tomcat,org.apache.tomcat.websocket.server.WsSci (OnClassCondition)

   WebSocketAutoConfiguration.TomcatWebSocketConfiguration#websocketContainerCustomizer
      - @ConditionalOnMissingBean (names: websocketContainerCustomizer; SearchStrategy: all) found no beans (OnBeanCondition)


Negative matches:
-----------------

   ActiveMQAutoConfiguration
      - required @ConditionalOnClass classes not found: javax.jms.ConnectionFactory,org.apache.activemq.ActiveMQConnectionFactory (OnClassCondition)

   AopAutoConfiguration
      - required @ConditionalOnClass classes not found: org.aspectj.lang.annotation.Aspect,org.aspectj.lang.reflect.Advice (OnClassCondition)

   BatchAutoConfiguration
      - required @ConditionalOnClass classes not found: org.springframework.batch.core.launch.JobLauncher,org.springframework.jdbc.core.JdbcOperations (OnClassCondition)

   CacheAutoConfiguration
      - @ConditionalOnClass classes found: org.springframework.cache.CacheManager (OnClassCondition)
      - @ConditionalOnBean (types: org.springframework.cache.interceptor.CacheAspectSupport; SearchStrategy: all) found no beans (OnBeanCondition)

   CloudAutoConfiguration
      - required @ConditionalOnClass classes not found: org.springframework.cloud.config.java.CloudScanConfiguration (OnClassCondition)

   DataSourceAutoConfiguration
      - required @ConditionalOnClass classes not found: org.springframework.jdbc.datasource.embedded.EmbeddedDatabaseType (OnClassCondition)

   DataSourceTransactionManagerAutoConfiguration
      - required @ConditionalOnClass classes not found: org.springframework.jdbc.core.JdbcTemplate,org.springframework.transaction.PlatformTransactionManager (OnClassCondition)

   DeviceDelegatingViewResolverAutoConfiguration
      - required @ConditionalOnClass classes not found: org.springframework.mobile.device.view.LiteDeviceDelegatingViewResolver (OnClassCondition)

   DeviceResolverAutoConfiguration
      - required @ConditionalOnClass classes not found: org.springframework.mobile.device.DeviceResolverHandlerInterceptor,org.springframework.mobile.device.DeviceHandlerMethodArgumentResolver (OnClassCondition)

   DispatcherServletAutoConfiguration.DispatcherServletConfiguration#multipartResolver
      - @ConditionalOnBean (types: org.springframework.web.multipart.MultipartResolver; SearchStrategy: all) found no beans (OnBeanCondition)

   EhCacheCacheConfiguration
      - required @ConditionalOnClass classes not found: net.sf.ehcache.Cache,org.springframework.cache.ehcache.EhCacheCacheManager (OnClassCondition)

   ElasticsearchAutoConfiguration
      - required @ConditionalOnClass classes not found: org.elasticsearch.client.Client,org.springframework.data.elasticsearch.client.TransportClientFactoryBean,org.springframework.data.elasticsearch.client.NodeClientFactoryBean (OnClassCondition)

   ElasticsearchDataAutoConfiguration
      - required @ConditionalOnClass classes not found: org.elasticsearch.client.Client,org.springframework.data.elasticsearch.core.ElasticsearchTemplate (OnClassCondition)

   ElasticsearchRepositoriesAutoConfiguration
      - required @ConditionalOnClass classes not found: org.elasticsearch.client.Client,org.springframework.data.elasticsearch.repository.ElasticsearchRepository (OnClassCondition)

   EmbeddedServletContainerAutoConfiguration.EmbeddedJetty
      - required @ConditionalOnClass classes not found: org.eclipse.jetty.server.Server,org.eclipse.jetty.util.Loader (OnClassCondition)

   EmbeddedServletContainerAutoConfiguration.EmbeddedUndertow
      - required @ConditionalOnClass classes not found: io.undertow.Undertow,org.xnio.SslClientAuthMode (OnClassCondition)

   FacebookAutoConfiguration
      - required @ConditionalOnClass classes not found: org.springframework.social.config.annotation.SocialConfigurerAdapter,org.springframework.social.facebook.connect.FacebookConnectionFactory (OnClassCondition)

   FallbackWebSecurityAutoConfiguration
      - required @ConditionalOnClass classes not found: org.springframework.security.config.annotation.web.configuration.EnableWebSecurity (OnClassCondition)

   FlywayAutoConfiguration
      - required @ConditionalOnClass classes not found: org.flywaydb.core.Flyway (OnClassCondition)

   FreeMarkerAutoConfiguration
      - required @ConditionalOnClass classes not found: freemarker.template.Configuration,org.springframework.ui.freemarker.FreeMarkerConfigurationFactory (OnClassCondition)

   GroovyTemplateAutoConfiguration
      - required @ConditionalOnClass classes not found: groovy.text.markup.MarkupTemplateEngine (OnClassCondition)

   GsonAutoConfiguration
      - required @ConditionalOnClass classes not found: com.google.gson.Gson (OnClassCondition)

   GsonHttpMessageConvertersConfiguration
      - required @ConditionalOnClass classes not found: com.google.gson.Gson (OnClassCondition)

   GuavaCacheConfiguration
      - required @ConditionalOnClass classes not found: com.google.common.cache.CacheBuilder,org.springframework.cache.guava.GuavaCacheManager (OnClassCondition)

   GzipFilterAutoConfiguration
      - required @ConditionalOnClass classes not found: org.eclipse.jetty.servlets.GzipFilter (OnClassCondition)

   HazelcastCacheConfiguration
      - required @ConditionalOnClass classes not found: com.hazelcast.core.HazelcastInstance,com.hazelcast.spring.cache.HazelcastCacheManager (OnClassCondition)

   HibernateJpaAutoConfiguration
      - required @ConditionalOnClass classes not found: org.springframework.orm.jpa.LocalContainerEntityManagerFactoryBean,org.springframework.transaction.annotation.EnableTransactionManagement,javax.persistence.EntityManager (OnClassCondition)

   HornetQAutoConfiguration
      - required @ConditionalOnClass classes not found: javax.jms.ConnectionFactory,org.hornetq.api.jms.HornetQJMSClient (OnClassCondition)

   HypermediaAutoConfiguration
      - required @ConditionalOnClass classes not found: org.springframework.hateoas.Resource,org.springframework.plugin.core.Plugin (OnClassCondition)

   InfinispanCacheConfiguration
      - required @ConditionalOnClass classes not found: org.infinispan.spring.provider.SpringEmbeddedCacheManager (OnClassCondition)

   IntegrationAutoConfiguration
      - required @ConditionalOnClass classes not found: org.springframework.integration.config.EnableIntegration (OnClassCondition)

   JCacheCacheConfiguration
      - required @ConditionalOnClass classes not found: javax.cache.Caching,org.springframework.cache.jcache.JCacheCacheManager (OnClassCondition)

   JacksonAutoConfiguration.JodaDateTimeJacksonConfiguration
      - required @ConditionalOnClass classes not found: org.joda.time.DateTime,com.fasterxml.jackson.datatype.joda.ser.DateTimeSerializer,com.fasterxml.jackson.datatype.joda.cfg.JacksonJodaDateFormat (OnClassCondition)

   JacksonHttpMessageConvertersConfiguration.MappingJackson2XmlHttpMessageConverterConfiguration
      - required @ConditionalOnClass classes not found: com.fasterxml.jackson.dataformat.xml.XmlMapper (OnClassCondition)

   JerseyAutoConfiguration
      - required @ConditionalOnClass classes not found: org.glassfish.jersey.server.spring.SpringComponentProvider (OnClassCondition)

   JmsAutoConfiguration
      - required @ConditionalOnClass classes not found: org.springframework.jms.core.JmsTemplate (OnClassCondition)

   JndiConnectionFactoryAutoConfiguration
      - required @ConditionalOnClass classes not found: org.springframework.jms.core.JmsTemplate (OnClassCondition)

   JndiDataSourceAutoConfiguration
      - required @ConditionalOnClass classes not found: org.springframework.jdbc.datasource.embedded.EmbeddedDatabaseType (OnClassCondition)

   JpaRepositoriesAutoConfiguration
      - required @ConditionalOnClass classes not found: org.springframework.data.jpa.repository.JpaRepository (OnClassCondition)

   JtaAutoConfiguration
      - required @ConditionalOnClass classes not found: javax.transaction.Transaction (OnClassCondition)

   LinkedInAutoConfiguration
      - required @ConditionalOnClass classes not found: org.springframework.social.config.annotation.SocialConfigurerAdapter,org.springframework.social.linkedin.connect.LinkedInConnectionFactory (OnClassCondition)

   LiquibaseAutoConfiguration
      - required @ConditionalOnClass classes not found: liquibase.integration.spring.SpringLiquibase (OnClassCondition)

   MailSenderAutoConfiguration
      - required @ConditionalOnClass classes not found: javax.mail.internet.MimeMessage (OnClassCondition)

   MessageSourceAutoConfiguration
      - No bundle found for spring.messages.basename: messages (MessageSourceAutoConfiguration.ResourceBundleCondition)

   MongoAutoConfiguration
      - required @ConditionalOnClass classes not found: com.mongodb.Mongo (OnClassCondition)

   MongoDataAutoConfiguration
      - required @ConditionalOnClass classes not found: com.mongodb.Mongo,org.springframework.data.mongodb.core.MongoTemplate (OnClassCondition)

   MongoRepositoriesAutoConfiguration
      - required @ConditionalOnClass classes not found: com.mongodb.Mongo,org.springframework.data.mongodb.repository.MongoRepository (OnClassCondition)

   MustacheAutoConfiguration
      - required @ConditionalOnClass classes not found: com.samskivert.mustache.Mustache (OnClassCondition)

   OAuth2AutoConfiguration
      - required @ConditionalOnClass classes not found: org.springframework.security.oauth2.common.OAuth2AccessToken (OnClassCondition)

   PersistenceExceptionTranslationAutoConfiguration
      - required @ConditionalOnClass classes not found: org.springframework.dao.annotation.PersistenceExceptionTranslationPostProcessor (OnClassCondition)

   RabbitAutoConfiguration
      - required @ConditionalOnClass classes not found: org.springframework.amqp.rabbit.core.RabbitTemplate,com.rabbitmq.client.Channel (OnClassCondition)

   ReactorAutoConfiguration
      - required @ConditionalOnClass classes not found: reactor.spring.context.config.EnableReactor,reactor.Environment (OnClassCondition)

   RedisAutoConfiguration
      - required @ConditionalOnClass classes not found: org.springframework.data.redis.connection.jedis.JedisConnection,org.springframework.data.redis.core.RedisOperations,redis.clients.jedis.Jedis (OnClassCondition)

   RepositoryRestMvcAutoConfiguration
      - required @ConditionalOnClass classes not found: org.springframework.data.rest.webmvc.config.RepositoryRestMvcConfiguration (OnClassCondition)

   SecurityAutoConfiguration
      - required @ConditionalOnClass classes not found: org.springframework.security.authentication.AuthenticationManager,org.springframework.security.config.annotation.authentication.configurers.GlobalAuthenticationConfigurerAdapter (OnClassCondition)

   SendGridAutoConfiguration
      - required @ConditionalOnClass classes not found: com.sendgrid.SendGrid (OnClassCondition)

   SitePreferenceAutoConfiguration
      - required @ConditionalOnClass classes not found: org.springframework.mobile.device.site.SitePreferenceHandlerInterceptor,org.springframework.mobile.device.site.SitePreferenceHandlerMethodArgumentResolver (OnClassCondition)

   SocialWebAutoConfiguration
      - required @ConditionalOnClass classes not found: org.springframework.social.connect.web.ConnectController,org.springframework.social.config.annotation.SocialConfigurerAdapter (OnClassCondition)

   SolrAutoConfiguration
      - required @ConditionalOnClass classes not found: org.apache.solr.client.solrj.impl.HttpSolrServer,org.apache.solr.client.solrj.impl.CloudSolrServer (OnClassCondition)

   SolrRepositoriesAutoConfiguration
      - required @ConditionalOnClass classes not found: org.apache.solr.client.solrj.SolrServer,org.springframework.data.solr.repository.SolrRepository (OnClassCondition)

   SpringApplicationAdminJmxAutoConfiguration
      - @ConditionalOnProperty missing required properties spring.application.admin.enabled  (OnPropertyCondition)

   SpringDataWebAutoConfiguration
      - required @ConditionalOnClass classes not found: org.springframework.data.web.PageableHandlerMethodArgumentResolver (OnClassCondition)

   ThymeleafAutoConfiguration
      - required @ConditionalOnClass classes not found: org.thymeleaf.spring4.SpringTemplateEngine (OnClassCondition)

   TransactionAutoConfiguration
      - required @ConditionalOnClass classes not found: org.springframework.transaction.support.TransactionTemplate,org.springframework.transaction.PlatformTransactionManager (OnClassCondition)

   TwitterAutoConfiguration
      - required @ConditionalOnClass classes not found: org.springframework.social.config.annotation.SocialConfigurerAdapter,org.springframework.social.twitter.connect.TwitterConnectionFactory (OnClassCondition)

   VelocityAutoConfiguration
      - required @ConditionalOnClass classes not found: org.apache.velocity.app.VelocityEngine,org.springframework.ui.velocity.VelocityEngineFactory (OnClassCondition)

   WebMvcAutoConfiguration.WebMvcAutoConfigurationAdapter#dateFormatter
      - @ConditionalOnProperty missing required properties spring.mvc.date-format  (OnPropertyCondition)

   WebMvcAutoConfiguration.WebMvcAutoConfigurationAdapter#localeResolver
      - @ConditionalOnMissingBean (types: org.springframework.web.servlet.LocaleResolver; SearchStrategy: all) found no beans (OnBeanCondition)
      - @ConditionalOnProperty missing required properties spring.mvc.locale  (OnPropertyCondition)

   WebSocketAutoConfiguration.JettyWebSocketConfiguration
      - required @ConditionalOnClass classes not found: org.eclipse.jetty.websocket.jsr356.server.deploy.WebSocketServerContainerInitializer (OnClassCondition)

   WebSocketAutoConfiguration.UndertowWebSocketConfiguration
      - required @ConditionalOnClass classes not found: io.undertow.websockets.jsr.Bootstrap (OnClassCondition)

   XADataSourceAutoConfiguration
      - required @ConditionalOnClass classes not found: javax.transaction.TransactionManager,org.springframework.jdbc.datasource.embedded.EmbeddedDatabaseType (OnClassCondition)


Exclusions:
-----------

    None



2017-10-09 21:59:18.416  INFO 24551 --- [main] s.b.c.e.t.TomcatEmbeddedServletContainer : Tomcat started on port(s): 8087 (http)
2017-10-09 21:59:18.418  INFO 24551 --- [main] com.spring.web.ch6.Ch623Application      : Started Ch623Application in 4.478 seconds (JVM running for 5.65)
2017-10-09 22:22:29.265  INFO 24551 --- [Thread-1] ationConfigEmbeddedWebApplicationContext : Closing org.springframework.boot.context.embedded.AnnotationConfigEmbeddedWebApplicationContext@38bc8ab5: startup date [Mon Oct 09 21:59:14 CST 2017]; root of context hierarchy
2017-10-09 22:22:29.316  INFO 24551 --- [Thread-1] o.s.j.e.a.AnnotationMBeanExporter        : Unregistering JMX-exposed beans on shutdown
